{"/Users/andrewshaffer/weo/api/config/400.js":{"path":"/Users/andrewshaffer/weo/api/config/400.js","s":{"1":1,"2":0,"3":0,"4":0,"5":0,"6":0,"7":0,"8":0,"9":0,"10":0,"11":0},"b":{"1":[0,0],"2":[0,0],"3":[0,0]},"f":{"1":0},"fnMap":{"1":{"name":"badRequest","line":23,"loc":{"start":{"line":23,"column":22},"end":{"line":23,"column":82}}}},"statementMap":{"1":{"start":{"line":23,"column":0},"end":{"line":73,"column":2}},"2":{"start":{"line":31,"column":2},"end":{"line":31,"column":23}},"3":{"start":{"line":33,"column":2},"end":{"line":35,"column":4}},"4":{"start":{"line":38,"column":2},"end":{"line":40,"column":3}},"5":{"start":{"line":39,"column":4},"end":{"line":39,"column":47}},"6":{"start":{"line":44,"column":2},"end":{"line":46,"column":3}},"7":{"start":{"line":45,"column":4},"end":{"line":45,"column":43}},"8":{"start":{"line":55,"column":2},"end":{"line":62,"column":3}},"9":{"start":{"line":58,"column":4},"end":{"line":58,"column":42}},"10":{"start":{"line":61,"column":4},"end":{"line":61,"column":36}},"11":{"start":{"line":71,"column":2},"end":{"line":71,"column":41}}},"branchMap":{"1":{"line":38,"type":"if","locations":[{"start":{"line":38,"column":2},"end":{"line":38,"column":2}},{"start":{"line":38,"column":2},"end":{"line":38,"column":2}}]},"2":{"line":44,"type":"if","locations":[{"start":{"line":44,"column":2},"end":{"line":44,"column":2}},{"start":{"line":44,"column":2},"end":{"line":44,"column":2}}]},"3":{"line":55,"type":"if","locations":[{"start":{"line":55,"column":2},"end":{"line":55,"column":2}},{"start":{"line":55,"column":2},"end":{"line":55,"column":2}}]}}},"/Users/andrewshaffer/weo/api/config/403.js":{"path":"/Users/andrewshaffer/weo/api/config/403.js","s":{"1":1,"2":0,"3":0,"4":0,"5":0,"6":0,"7":0,"8":0,"9":0,"10":0,"11":0,"12":0,"13":0,"14":0,"15":0},"b":{"1":[0,0],"2":[0,0],"3":[0,0]},"f":{"1":0,"2":0},"fnMap":{"1":{"name":"badRequest","line":13,"loc":{"start":{"line":13,"column":22},"end":{"line":13,"column":61}}},"2":{"name":"(anonymous_2)","line":44,"loc":{"start":{"line":44,"column":35},"end":{"line":44,"column":50}}}},"statementMap":{"1":{"start":{"line":13,"column":0},"end":{"line":52,"column":2}},"2":{"start":{"line":21,"column":2},"end":{"line":21,"column":27}},"3":{"start":{"line":22,"column":2},"end":{"line":22,"column":23}},"4":{"start":{"line":24,"column":2},"end":{"line":26,"column":4}},"5":{"start":{"line":29,"column":2},"end":{"line":31,"column":3}},"6":{"start":{"line":30,"column":4},"end":{"line":30,"column":29}},"7":{"start":{"line":34,"column":2},"end":{"line":36,"column":3}},"8":{"start":{"line":35,"column":4},"end":{"line":35,"column":43}},"9":{"start":{"line":39,"column":2},"end":{"line":39,"column":28}},"10":{"start":{"line":40,"column":2},"end":{"line":42,"column":3}},"11":{"start":{"line":41,"column":4},"end":{"line":41,"column":34}},"12":{"start":{"line":44,"column":2},"end":{"line":50,"column":5}},"13":{"start":{"line":46,"column":4},"end":{"line":46,"column":56}},"14":{"start":{"line":46,"column":15},"end":{"line":46,"column":54}},"15":{"start":{"line":49,"column":4},"end":{"line":49,"column":29}}},"branchMap":{"1":{"line":29,"type":"if","locations":[{"start":{"line":29,"column":2},"end":{"line":29,"column":2}},{"start":{"line":29,"column":2},"end":{"line":29,"column":2}}]},"2":{"line":34,"type":"if","locations":[{"start":{"line":34,"column":2},"end":{"line":34,"column":2}},{"start":{"line":34,"column":2},"end":{"line":34,"column":2}}]},"3":{"line":46,"type":"if","locations":[{"start":{"line":46,"column":4},"end":{"line":46,"column":4}},{"start":{"line":46,"column":4},"end":{"line":46,"column":4}}]}}},"/Users/andrewshaffer/weo/api/config/404.js":{"path":"/Users/andrewshaffer/weo/api/config/404.js","s":{"1":1,"2":2,"3":2,"4":2,"5":2,"6":0,"7":0,"8":0,"9":0,"10":0},"b":{"1":[0,0]},"f":{"1":2,"2":0},"fnMap":{"1":{"name":"pageNotFound","line":10,"loc":{"start":{"line":10,"column":22},"end":{"line":10,"column":54}}},"2":{"name":"(anonymous_2)","line":30,"loc":{"start":{"line":30,"column":27},"end":{"line":30,"column":42}}}},"statementMap":{"1":{"start":{"line":10,"column":0},"end":{"line":38,"column":2}},"2":{"start":{"line":18,"column":2},"end":{"line":18,"column":27}},"3":{"start":{"line":19,"column":2},"end":{"line":19,"column":23}},"4":{"start":{"line":20,"column":2},"end":{"line":22,"column":4}},"5":{"start":{"line":26,"column":4},"end":{"line":26,"column":43}},"6":{"start":{"line":29,"column":2},"end":{"line":29,"column":28}},"7":{"start":{"line":30,"column":2},"end":{"line":36,"column":5}},"8":{"start":{"line":32,"column":4},"end":{"line":32,"column":56}},"9":{"start":{"line":32,"column":15},"end":{"line":32,"column":54}},"10":{"start":{"line":35,"column":4},"end":{"line":35,"column":29}}},"branchMap":{"1":{"line":32,"type":"if","locations":[{"start":{"line":32,"column":4},"end":{"line":32,"column":4}},{"start":{"line":32,"column":4},"end":{"line":32,"column":4}}]}}},"/Users/andrewshaffer/weo/api/config/500.js":{"path":"/Users/andrewshaffer/weo/api/config/500.js","s":{"1":1,"2":12,"3":12,"4":12,"5":12,"6":12,"7":11,"8":1,"9":12,"10":12,"11":12,"12":1,"13":1,"14":1,"15":1,"16":1,"17":1,"18":1,"19":1,"20":1,"21":0,"22":1,"23":1,"24":0,"25":1,"26":1,"27":1,"28":1,"29":1,"30":1,"31":11,"32":0,"33":0,"34":11,"35":11,"36":11,"37":0,"38":0,"39":0},"b":{"1":[11,1],"2":[12,1],"3":[1,11],"4":[12,1],"5":[1,0],"6":[1,1],"7":[1,0],"8":[0,1],"9":[0,1],"10":[0,11],"11":[11,0],"12":[0,0]},"f":{"1":12,"2":1,"3":1,"4":1,"5":1},"fnMap":{"1":{"name":"serverErrorOccurred","line":15,"loc":{"start":{"line":15,"column":22},"end":{"line":15,"column":69}}},"2":{"name":"parseDupKeyMessage","line":47,"loc":{"start":{"line":47,"column":6},"end":{"line":47,"column":39}}},"3":{"name":"(anonymous_3)","line":62,"loc":{"start":{"line":62,"column":62},"end":{"line":62,"column":81}}},"4":{"name":"(anonymous_4)","line":64,"loc":{"start":{"line":64,"column":31},"end":{"line":64,"column":56}}},"5":{"name":"(anonymous_5)","line":70,"loc":{"start":{"line":70,"column":26},"end":{"line":70,"column":42}}}},"statementMap":{"1":{"start":{"line":15,"column":0},"end":{"line":126,"column":2}},"2":{"start":{"line":21,"column":2},"end":{"line":23,"column":33}},"3":{"start":{"line":25,"column":2},"end":{"line":27,"column":4}},"4":{"start":{"line":30,"column":2},"end":{"line":30,"column":59}},"5":{"start":{"line":31,"column":2},"end":{"line":92,"column":3}},"6":{"start":{"line":35,"column":4},"end":{"line":40,"column":5}},"7":{"start":{"line":36,"column":6},"end":{"line":36,"column":67}},"8":{"start":{"line":39,"column":6},"end":{"line":39,"column":44}},"9":{"start":{"line":42,"column":4},"end":{"line":42,"column":68}},"10":{"start":{"line":43,"column":4},"end":{"line":43,"column":37}},"11":{"start":{"line":45,"column":4},"end":{"line":86,"column":5}},"12":{"start":{"line":47,"column":6},"end":{"line":58,"column":7}},"13":{"start":{"line":48,"column":8},"end":{"line":48,"column":111}},"14":{"start":{"line":49,"column":8},"end":{"line":49,"column":33}},"15":{"start":{"line":50,"column":8},"end":{"line":57,"column":9}},"16":{"start":{"line":51,"column":10},"end":{"line":56,"column":12}},"17":{"start":{"line":60,"column":6},"end":{"line":60,"column":64}},"18":{"start":{"line":61,"column":6},"end":{"line":85,"column":7}},"19":{"start":{"line":62,"column":8},"end":{"line":81,"column":11}},"20":{"start":{"line":63,"column":10},"end":{"line":63,"column":28}},"21":{"start":{"line":63,"column":18},"end":{"line":63,"column":28}},"22":{"start":{"line":64,"column":10},"end":{"line":80,"column":13}},"23":{"start":{"line":65,"column":12},"end":{"line":65,"column":30}},"24":{"start":{"line":65,"column":20},"end":{"line":65,"column":30}},"25":{"start":{"line":66,"column":12},"end":{"line":67,"column":46}},"26":{"start":{"line":70,"column":12},"end":{"line":77,"column":15}},"27":{"start":{"line":71,"column":14},"end":{"line":71,"column":31}},"28":{"start":{"line":72,"column":14},"end":{"line":76,"column":17}},"29":{"start":{"line":79,"column":12},"end":{"line":79,"column":47}},"30":{"start":{"line":84,"column":8},"end":{"line":84,"column":15}},"31":{"start":{"line":88,"column":4},"end":{"line":91,"column":5}},"32":{"start":{"line":89,"column":6},"end":{"line":89,"column":44}},"33":{"start":{"line":90,"column":6},"end":{"line":90,"column":34}},"34":{"start":{"line":94,"column":2},"end":{"line":110,"column":3}},"35":{"start":{"line":95,"column":4},"end":{"line":95,"column":42}},"36":{"start":{"line":96,"column":4},"end":{"line":98,"column":17}},"37":{"start":{"line":102,"column":4},"end":{"line":104,"column":5}},"38":{"start":{"line":103,"column":6},"end":{"line":103,"column":38}},"39":{"start":{"line":108,"column":4},"end":{"line":108,"column":43}}},"branchMap":{"1":{"line":35,"type":"if","locations":[{"start":{"line":35,"column":4},"end":{"line":35,"column":4}},{"start":{"line":35,"column":4},"end":{"line":35,"column":4}}]},"2":{"line":42,"type":"binary-expr","locations":[{"start":{"line":42,"column":18},"end":{"line":42,"column":45}},{"start":{"line":42,"column":49},"end":{"line":42,"column":67}}]},"3":{"line":45,"type":"if","locations":[{"start":{"line":45,"column":4},"end":{"line":45,"column":4}},{"start":{"line":45,"column":4},"end":{"line":45,"column":4}}]},"4":{"line":45,"type":"binary-expr","locations":[{"start":{"line":45,"column":7},"end":{"line":45,"column":47}},{"start":{"line":46,"column":11},"end":{"line":46,"column":44}}]},"5":{"line":50,"type":"if","locations":[{"start":{"line":50,"column":8},"end":{"line":50,"column":8}},{"start":{"line":50,"column":8},"end":{"line":50,"column":8}}]},"6":{"line":50,"type":"binary-expr","locations":[{"start":{"line":50,"column":11},"end":{"line":50,"column":16}},{"start":{"line":50,"column":20},"end":{"line":50,"column":36}}]},"7":{"line":61,"type":"if","locations":[{"start":{"line":61,"column":6},"end":{"line":61,"column":6}},{"start":{"line":61,"column":6},"end":{"line":61,"column":6}}]},"8":{"line":63,"type":"if","locations":[{"start":{"line":63,"column":10},"end":{"line":63,"column":10}},{"start":{"line":63,"column":10},"end":{"line":63,"column":10}}]},"9":{"line":65,"type":"if","locations":[{"start":{"line":65,"column":12},"end":{"line":65,"column":12}},{"start":{"line":65,"column":12},"end":{"line":65,"column":12}}]},"10":{"line":88,"type":"if","locations":[{"start":{"line":88,"column":4},"end":{"line":88,"column":4}},{"start":{"line":88,"column":4},"end":{"line":88,"column":4}}]},"11":{"line":94,"type":"if","locations":[{"start":{"line":94,"column":2},"end":{"line":94,"column":2}},{"start":{"line":94,"column":2},"end":{"line":94,"column":2}}]},"12":{"line":102,"type":"if","locations":[{"start":{"line":102,"column":4},"end":{"line":102,"column":4}},{"start":{"line":102,"column":4},"end":{"line":102,"column":4}}]}}},"/Users/andrewshaffer/weo/api/config/adapters.js":{"path":"/Users/andrewshaffer/weo/api/config/adapters.js","s":{"1":1,"2":0,"3":0,"4":1,"5":1,"6":0,"7":1},"b":{"1":[0,1],"2":[1,1]},"f":{"1":0},"fnMap":{"1":{"name":"mongoHqParse","line":15,"loc":{"start":{"line":15,"column":0},"end":{"line":15,"column":28}}}},"statementMap":{"1":{"start":{"line":15,"column":0},"end":{"line":27,"column":1}},"2":{"start":{"line":16,"column":2},"end":{"line":17,"column":37}},"3":{"start":{"line":19,"column":2},"end":{"line":26,"column":4}},"4":{"start":{"line":29,"column":0},"end":{"line":29,"column":19}},"5":{"start":{"line":30,"column":0},"end":{"line":31,"column":50}},"6":{"start":{"line":31,"column":2},"end":{"line":31,"column":50}},"7":{"start":{"line":33,"column":0},"end":{"line":62,"column":2}}},"branchMap":{"1":{"line":30,"type":"if","locations":[{"start":{"line":30,"column":0},"end":{"line":30,"column":0}},{"start":{"line":30,"column":0},"end":{"line":30,"column":0}}]},"2":{"line":44,"type":"binary-expr","locations":[{"start":{"line":44,"column":9},"end":{"line":44,"column":16}},{"start":{"line":44,"column":20},"end":{"line":49,"column":3}}]}}},"/Users/andrewshaffer/weo/api/config/bootstrap.js":{"path":"/Users/andrewshaffer/weo/api/config/bootstrap.js","s":{"1":1,"2":1,"3":1,"4":1,"5":1,"6":1016,"7":0,"8":0,"9":0,"10":0,"11":0,"12":0,"13":0,"14":0,"15":0,"16":1,"17":1016,"18":1016,"19":0,"20":1,"21":1,"22":1016,"23":1016,"24":6096,"25":1016,"26":1,"27":1},"b":{"1":[0,1016],"2":[0,0],"3":[0,0],"4":[1016,1016,0],"5":[0,1016],"6":[1016,780]},"f":{"1":1,"2":1016,"3":0,"4":0,"5":1016,"6":1016,"7":1016},"fnMap":{"1":{"name":"(anonymous_1)","line":18,"loc":{"start":{"line":18,"column":27},"end":{"line":18,"column":41}}},"2":{"name":"(anonymous_2)","line":22,"loc":{"start":{"line":22,"column":27},"end":{"line":22,"column":42}}},"3":{"name":"(anonymous_3)","line":26,"loc":{"start":{"line":26,"column":18},"end":{"line":26,"column":32}}},"4":{"name":"(anonymous_4)","line":30,"loc":{"start":{"line":30,"column":16},"end":{"line":30,"column":31}}},"5":{"name":"(anonymous_5)","line":37,"loc":{"start":{"line":37,"column":27},"end":{"line":37,"column":42}}},"6":{"name":"(anonymous_6)","line":45,"loc":{"start":{"line":45,"column":27},"end":{"line":45,"column":42}}},"7":{"name":"(anonymous_7)","line":50,"loc":{"start":{"line":50,"column":43},"end":{"line":50,"column":53}}}},"statementMap":{"1":{"start":{"line":14,"column":0},"end":{"line":16,"column":93}},"2":{"start":{"line":18,"column":0},"end":{"line":57,"column":2}},"3":{"start":{"line":19,"column":2},"end":{"line":19,"column":21}},"4":{"start":{"line":20,"column":2},"end":{"line":20,"column":26}},"5":{"start":{"line":22,"column":2},"end":{"line":35,"column":5}},"6":{"start":{"line":23,"column":3},"end":{"line":34,"column":5}},"7":{"start":{"line":24,"column":4},"end":{"line":24,"column":23}},"8":{"start":{"line":25,"column":6},"end":{"line":25,"column":33}},"9":{"start":{"line":26,"column":6},"end":{"line":30,"column":6}},"10":{"start":{"line":27,"column":7},"end":{"line":27,"column":37}},"11":{"start":{"line":28,"column":7},"end":{"line":28,"column":25}},"12":{"start":{"line":30,"column":6},"end":{"line":34,"column":4}},"13":{"start":{"line":31,"column":7},"end":{"line":31,"column":34}},"14":{"start":{"line":31,"column":17},"end":{"line":31,"column":34}},"15":{"start":{"line":32,"column":8},"end":{"line":32,"column":46}},"16":{"start":{"line":37,"column":2},"end":{"line":42,"column":5}},"17":{"start":{"line":38,"column":3},"end":{"line":38,"column":101}},"18":{"start":{"line":39,"column":3},"end":{"line":41,"column":4}},"19":{"start":{"line":40,"column":4},"end":{"line":40,"column":55}},"20":{"start":{"line":44,"column":2},"end":{"line":44,"column":49}},"21":{"start":{"line":45,"column":2},"end":{"line":51,"column":5}},"22":{"start":{"line":46,"column":3},"end":{"line":46,"column":22}},"23":{"start":{"line":47,"column":3},"end":{"line":49,"column":5}},"24":{"start":{"line":48,"column":6},"end":{"line":48,"column":67}},"25":{"start":{"line":50,"column":4},"end":{"line":50,"column":57}},"26":{"start":{"line":53,"column":2},"end":{"line":53,"column":26}},"27":{"start":{"line":56,"column":2},"end":{"line":56,"column":7}}},"branchMap":{"1":{"line":23,"type":"if","locations":[{"start":{"line":23,"column":3},"end":{"line":23,"column":3}},{"start":{"line":23,"column":3},"end":{"line":23,"column":3}}]},"2":{"line":27,"type":"binary-expr","locations":[{"start":{"line":27,"column":20},"end":{"line":27,"column":30}},{"start":{"line":27,"column":34},"end":{"line":27,"column":36}}]},"3":{"line":31,"type":"if","locations":[{"start":{"line":31,"column":7},"end":{"line":31,"column":7}},{"start":{"line":31,"column":7},"end":{"line":31,"column":7}}]},"4":{"line":38,"type":"binary-expr","locations":[{"start":{"line":38,"column":15},"end":{"line":38,"column":30}},{"start":{"line":38,"column":34},"end":{"line":38,"column":59}},{"start":{"line":38,"column":63},"end":{"line":38,"column":100}}]},"5":{"line":39,"type":"if","locations":[{"start":{"line":39,"column":3},"end":{"line":39,"column":3}},{"start":{"line":39,"column":3},"end":{"line":39,"column":3}}]},"6":{"line":39,"type":"binary-expr","locations":[{"start":{"line":39,"column":7},"end":{"line":39,"column":38}},{"start":{"line":39,"column":42},"end":{"line":39,"column":47}}]}}},"/Users/andrewshaffer/weo/api/config/controllers.js":{"path":"/Users/andrewshaffer/weo/api/config/controllers.js","s":{"1":1},"b":{},"f":{},"fnMap":{},"statementMap":{"1":{"start":{"line":20,"column":0},"end":{"line":169,"column":2}}},"branchMap":{}},"/Users/andrewshaffer/weo/api/config/cors.js":{"path":"/Users/andrewshaffer/weo/api/config/cors.js","s":{"1":1},"b":{},"f":{},"fnMap":{},"statementMap":{"1":{"start":{"line":25,"column":0},"end":{"line":49,"column":2}}},"branchMap":{}},"/Users/andrewshaffer/weo/api/config/csrf.js":{"path":"/Users/andrewshaffer/weo/api/config/csrf.js","s":{"1":1},"b":{},"f":{},"fnMap":{},"statementMap":{"1":{"start":{"line":40,"column":0},"end":{"line":40,"column":28}}},"branchMap":{}},"/Users/andrewshaffer/weo/api/config/express.js":{"path":"/Users/andrewshaffer/weo/api/config/express.js","s":{"1":1,"2":1,"3":1,"4":123,"5":0,"6":123,"7":1,"8":1},"b":{"1":[0,123],"2":[123,94]},"f":{"1":1,"2":123},"fnMap":{"1":{"name":"(anonymous_1)","line":5,"loc":{"start":{"line":5,"column":20},"end":{"line":5,"column":34}}},"2":{"name":"(anonymous_2)","line":6,"loc":{"start":{"line":6,"column":12},"end":{"line":6,"column":37}}}},"statementMap":{"1":{"start":{"line":1,"column":0},"end":{"line":2,"column":47}},"2":{"start":{"line":4,"column":0},"end":{"line":16,"column":2}},"3":{"start":{"line":6,"column":4},"end":{"line":11,"column":7}},"4":{"start":{"line":7,"column":6},"end":{"line":9,"column":7}},"5":{"start":{"line":8,"column":8},"end":{"line":8,"column":70}},"6":{"start":{"line":10,"column":6},"end":{"line":10,"column":13}},"7":{"start":{"line":13,"column":4},"end":{"line":13,"column":35}},"8":{"start":{"line":14,"column":4},"end":{"line":14,"column":29}}},"branchMap":{"1":{"line":7,"type":"if","locations":[{"start":{"line":7,"column":6},"end":{"line":7,"column":6}},{"start":{"line":7,"column":6},"end":{"line":7,"column":6}}]},"2":{"line":7,"type":"binary-expr","locations":[{"start":{"line":7,"column":9},"end":{"line":7,"column":36}},{"start":{"line":7,"column":40},"end":{"line":7,"column":61}}]}}},"/Users/andrewshaffer/weo/api/config/hash.js":{"path":"/Users/andrewshaffer/weo/api/config/hash.js","s":{"1":1},"b":{},"f":{},"fnMap":{},"statementMap":{"1":{"start":{"line":6,"column":0},"end":{"line":10,"column":2}}},"branchMap":{}},"/Users/andrewshaffer/weo/api/config/i18n.js":{"path":"/Users/andrewshaffer/weo/api/config/i18n.js","s":{"1":1},"b":{},"f":{},"fnMap":{},"statementMap":{"1":{"start":{"line":12,"column":0},"end":{"line":17,"column":2}}},"branchMap":{}},"/Users/andrewshaffer/weo/api/config/local.js":{"path":"/Users/andrewshaffer/weo/api/config/local.js","s":{"1":1},"b":{"1":[1,0],"2":[1,1]},"f":{},"fnMap":{},"statementMap":{"1":{"start":{"line":24,"column":0},"end":{"line":55,"column":2}}},"branchMap":{"1":{"line":38,"type":"binary-expr","locations":[{"start":{"line":38,"column":8},"end":{"line":38,"column":24}},{"start":{"line":38,"column":28},"end":{"line":38,"column":32}}]},"2":{"line":53,"type":"binary-expr","locations":[{"start":{"line":53,"column":15},"end":{"line":53,"column":35}},{"start":{"line":53,"column":39},"end":{"line":53,"column":52}}]}}},"/Users/andrewshaffer/weo/api/config/log.js":{"path":"/Users/andrewshaffer/weo/api/config/log.js","s":{"1":1},"b":{},"f":{},"fnMap":{},"statementMap":{"1":{"start":{"line":12,"column":0},"end":{"line":27,"column":2}}},"branchMap":{}},"/Users/andrewshaffer/weo/api/config/passport.js":{"path":"/Users/andrewshaffer/weo/api/config/passport.js","s":{"1":1,"2":1,"3":29,"4":29,"5":0,"6":29},"b":{"1":[0,29]},"f":{"1":29,"2":29},"fnMap":{"1":{"name":"(anonymous_1)","line":5,"loc":{"start":{"line":5,"column":2},"end":{"line":5,"column":24}}},"2":{"name":"(anonymous_2)","line":6,"loc":{"start":{"line":6,"column":28},"end":{"line":6,"column":48}}}},"statementMap":{"1":{"start":{"line":1,"column":0},"end":{"line":2,"column":62}},"2":{"start":{"line":4,"column":0},"end":{"line":11,"column":3}},"3":{"start":{"line":6,"column":4},"end":{"line":9,"column":7}},"4":{"start":{"line":7,"column":6},"end":{"line":7,"column":24}},"5":{"start":{"line":7,"column":14},"end":{"line":7,"column":24}},"6":{"start":{"line":8,"column":6},"end":{"line":8,"column":39}}},"branchMap":{"1":{"line":7,"type":"if","locations":[{"start":{"line":7,"column":6},"end":{"line":7,"column":6}},{"start":{"line":7,"column":6},"end":{"line":7,"column":6}}]}}},"/Users/andrewshaffer/weo/api/config/paths.js":{"path":"/Users/andrewshaffer/weo/api/config/paths.js","s":{"1":1,"2":1},"b":{},"f":{},"fnMap":{},"statementMap":{"1":{"start":{"line":1,"column":0},"end":{"line":1,"column":27}},"2":{"start":{"line":2,"column":0},"end":{"line":4,"column":2}}},"branchMap":{}},"/Users/andrewshaffer/weo/api/config/policies.js":{"path":"/Users/andrewshaffer/weo/api/config/policies.js","s":{"1":1,"2":1},"b":{},"f":{},"fnMap":{},"statementMap":{"1":{"start":{"line":13,"column":0},"end":{"line":13,"column":63}},"2":{"start":{"line":14,"column":0},"end":{"line":63,"column":2}}},"branchMap":{}},"/Users/andrewshaffer/weo/api/api/policies/belongsToGroup.js":{"path":"/Users/andrewshaffer/weo/api/api/policies/belongsToGroup.js","s":{"1":1,"2":1,"3":1,"4":2,"5":2,"6":0,"7":2,"8":2,"9":2,"10":2,"11":2,"12":2,"13":0},"b":{"1":[0,2],"2":[2,0],"3":[2,0],"4":[2,0]},"f":{"1":1,"2":2,"3":2},"fnMap":{"1":{"name":"(anonymous_1)","line":3,"loc":{"start":{"line":3,"column":17},"end":{"line":3,"column":37}}},"2":{"name":"(anonymous_2)","line":4,"loc":{"start":{"line":4,"column":9},"end":{"line":4,"column":34}}},"3":{"name":"(anonymous_3)","line":6,"loc":{"start":{"line":6,"column":12},"end":{"line":6,"column":32}}}},"statementMap":{"1":{"start":{"line":1,"column":0},"end":{"line":1,"column":26}},"2":{"start":{"line":3,"column":0},"end":{"line":24,"column":2}},"3":{"start":{"line":4,"column":2},"end":{"line":23,"column":4}},"4":{"start":{"line":5,"column":4},"end":{"line":22,"column":9}},"5":{"start":{"line":7,"column":8},"end":{"line":7,"column":26}},"6":{"start":{"line":7,"column":16},"end":{"line":7,"column":26}},"7":{"start":{"line":9,"column":8},"end":{"line":10,"column":60}},"8":{"start":{"line":12,"column":8},"end":{"line":15,"column":9}},"9":{"start":{"line":13,"column":10},"end":{"line":13,"column":42}},"10":{"start":{"line":14,"column":10},"end":{"line":14,"column":29}},"11":{"start":{"line":17,"column":8},"end":{"line":21,"column":32}},"12":{"start":{"line":19,"column":10},"end":{"line":19,"column":17}},"13":{"start":{"line":21,"column":10},"end":{"line":21,"column":32}}},"branchMap":{"1":{"line":7,"type":"if","locations":[{"start":{"line":7,"column":8},"end":{"line":7,"column":8}},{"start":{"line":7,"column":8},"end":{"line":7,"column":8}}]},"2":{"line":10,"type":"binary-expr","locations":[{"start":{"line":10,"column":25},"end":{"line":10,"column":36}},{"start":{"line":10,"column":40},"end":{"line":10,"column":42}}]},"3":{"line":12,"type":"if","locations":[{"start":{"line":12,"column":8},"end":{"line":12,"column":8}},{"start":{"line":12,"column":8},"end":{"line":12,"column":8}}]},"4":{"line":17,"type":"if","locations":[{"start":{"line":17,"column":8},"end":{"line":17,"column":8}},{"start":{"line":17,"column":8},"end":{"line":17,"column":8}}]}}},"/Users/andrewshaffer/weo/api/config/routes.js":{"path":"/Users/andrewshaffer/weo/api/config/routes.js","s":{"1":1},"b":{},"f":{},"fnMap":{},"statementMap":{"1":{"start":{"line":29,"column":0},"end":{"line":96,"column":2}}},"branchMap":{}},"/Users/andrewshaffer/weo/api/config/session.js":{"path":"/Users/andrewshaffer/weo/api/config/session.js","s":{"1":1},"b":{},"f":{},"fnMap":{},"statementMap":{"1":{"start":{"line":13,"column":0},"end":{"line":56,"column":2}}},"branchMap":{}},"/Users/andrewshaffer/weo/api/config/sockets.js":{"path":"/Users/andrewshaffer/weo/api/config/sockets.js","s":{"1":1},"b":{},"f":{"1":0,"2":0},"fnMap":{"1":{"name":"(anonymous_1)","line":17,"loc":{"start":{"line":17,"column":13},"end":{"line":17,"column":39}}},"2":{"name":"(anonymous_2)","line":25,"loc":{"start":{"line":25,"column":16},"end":{"line":25,"column":42}}}},"statementMap":{"1":{"start":{"line":11,"column":0},"end":{"line":223,"column":2}}},"branchMap":{}},"/Users/andrewshaffer/weo/api/config/views.js":{"path":"/Users/andrewshaffer/weo/api/config/views.js","s":{"1":1},"b":{},"f":{},"fnMap":{},"statementMap":{"1":{"start":{"line":12,"column":0},"end":{"line":72,"column":2}}},"branchMap":{}},"/Users/andrewshaffer/weo/api/api/models/Answer.js":{"path":"/Users/andrewshaffer/weo/api/api/models/Answer.js","s":{"1":1,"2":1},"b":{},"f":{},"fnMap":{},"statementMap":{"1":{"start":{"line":9,"column":0},"end":{"line":10,"column":34}},"2":{"start":{"line":12,"column":0},"end":{"line":23,"column":3}}},"branchMap":{}},"/Users/andrewshaffer/weo/api/lib/mergeModels.js":{"path":"/Users/andrewshaffer/weo/api/lib/mergeModels.js","s":{"1":1,"2":1,"3":10,"4":10,"5":10,"6":281,"7":10},"b":{"1":[5,276]},"f":{"1":10,"2":281},"fnMap":{"1":{"name":"(anonymous_1)","line":3,"loc":{"start":{"line":3,"column":17},"end":{"line":3,"column":37}}},"2":{"name":"(anonymous_2)","line":6,"loc":{"start":{"line":6,"column":12},"end":{"line":6,"column":27}}}},"statementMap":{"1":{"start":{"line":1,"column":0},"end":{"line":1,"column":26}},"2":{"start":{"line":3,"column":0},"end":{"line":13,"column":2}},"3":{"start":{"line":4,"column":2},"end":{"line":4,"column":34}},"4":{"start":{"line":5,"column":2},"end":{"line":5,"column":19}},"5":{"start":{"line":6,"column":2},"end":{"line":10,"column":5}},"6":{"start":{"line":7,"column":4},"end":{"line":9,"column":18}},"7":{"start":{"line":12,"column":2},"end":{"line":12,"column":32}}},"branchMap":{"1":{"line":7,"type":"cond-expr","locations":[{"start":{"line":8,"column":8},"end":{"line":8,"column":9}},{"start":{"line":9,"column":8},"end":{"line":9,"column":17}}]}}},"/Users/andrewshaffer/weo/api/api/models/Post.js":{"path":"/Users/andrewshaffer/weo/api/api/models/Post.js","s":{"1":1},"b":{},"f":{},"fnMap":{},"statementMap":{"1":{"start":{"line":9,"column":0},"end":{"line":57,"column":2}}},"branchMap":{}},"/Users/andrewshaffer/weo/api/api/models/Assignment.js":{"path":"/Users/andrewshaffer/weo/api/api/models/Assignment.js","s":{"1":1,"2":1,"3":4,"4":1,"5":4,"6":3,"7":1,"8":1,"9":15,"10":17,"11":17,"12":2,"13":15,"14":17,"15":1,"16":16,"17":16,"18":16,"19":16,"20":1,"21":16,"22":15,"23":2,"24":12,"25":2,"26":2,"27":2,"28":12,"29":4,"30":4,"31":4,"32":12,"33":4,"34":3,"35":3,"36":3,"37":3,"38":3},"b":{"1":[3,1],"2":[2,15],"3":[1,16],"4":[2,10]},"f":{"1":4,"2":4,"3":15,"4":17,"5":17,"6":17,"7":16,"8":1,"9":15,"10":2,"11":12,"12":4,"13":4,"14":4,"15":12,"16":3,"17":3},"fnMap":{"1":{"name":"studentInit","line":5,"loc":{"start":{"line":5,"column":0},"end":{"line":5,"column":23}}},"2":{"name":"(anonymous_2)","line":9,"loc":{"start":{"line":9,"column":32},"end":{"line":9,"column":53}}},"3":{"name":"(anonymous_3)","line":78,"loc":{"start":{"line":78,"column":17},"end":{"line":78,"column":39}}},"4":{"name":"(anonymous_4)","line":82,"loc":{"start":{"line":82,"column":23},"end":{"line":82,"column":58}}},"5":{"name":"(anonymous_5)","line":84,"loc":{"start":{"line":84,"column":9},"end":{"line":84,"column":20}}},"6":{"name":"(anonymous_6)","line":90,"loc":{"start":{"line":90,"column":9},"end":{"line":90,"column":29}}},"7":{"name":"(anonymous_7)","line":96,"loc":{"start":{"line":96,"column":9},"end":{"line":96,"column":28}}},"8":{"name":"(anonymous_8)","line":98,"loc":{"start":{"line":98,"column":22},"end":{"line":98,"column":40}}},"9":{"name":"(anonymous_9)","line":103,"loc":{"start":{"line":103,"column":9},"end":{"line":103,"column":30}}},"10":{"name":"(anonymous_10)","line":106,"loc":{"start":{"line":106,"column":11},"end":{"line":106,"column":25}}},"11":{"name":"(anonymous_11)","line":111,"loc":{"start":{"line":111,"column":23},"end":{"line":111,"column":55}}},"12":{"name":"(anonymous_12)","line":120,"loc":{"start":{"line":120,"column":20},"end":{"line":120,"column":53}}},"13":{"name":"(anonymous_13)","line":122,"loc":{"start":{"line":122,"column":9},"end":{"line":122,"column":20}}},"14":{"name":"(anonymous_14)","line":125,"loc":{"start":{"line":125,"column":9},"end":{"line":125,"column":31}}},"15":{"name":"(anonymous_15)","line":126,"loc":{"start":{"line":126,"column":38},"end":{"line":126,"column":59}}},"16":{"name":"(anonymous_16)","line":134,"loc":{"start":{"line":134,"column":14},"end":{"line":134,"column":44}}},"17":{"name":"(anonymous_17)","line":139,"loc":{"start":{"line":139,"column":44},"end":{"line":139,"column":70}}}},"statementMap":{"1":{"start":{"line":1,"column":0},"end":{"line":3,"column":46}},"2":{"start":{"line":5,"column":0},"end":{"line":7,"column":1}},"3":{"start":{"line":6,"column":1},"end":{"line":6,"column":55}},"4":{"start":{"line":9,"column":0},"end":{"line":14,"column":3}},"5":{"start":{"line":10,"column":1},"end":{"line":13,"column":9}},"6":{"start":{"line":11,"column":2},"end":{"line":11,"column":58}},"7":{"start":{"line":13,"column":2},"end":{"line":13,"column":9}},"8":{"start":{"line":25,"column":0},"end":{"line":144,"column":2}},"9":{"start":{"line":79,"column":4},"end":{"line":79,"column":11}},"10":{"start":{"line":83,"column":3},"end":{"line":108,"column":7}},"11":{"start":{"line":85,"column":5},"end":{"line":88,"column":47}},"12":{"start":{"line":86,"column":6},"end":{"line":86,"column":48}},"13":{"start":{"line":88,"column":6},"end":{"line":88,"column":47}},"14":{"start":{"line":91,"column":5},"end":{"line":91,"column":74}},"15":{"start":{"line":91,"column":21},"end":{"line":91,"column":74}},"16":{"start":{"line":92,"column":5},"end":{"line":92,"column":35}},"17":{"start":{"line":94,"column":5},"end":{"line":94,"column":77}},"18":{"start":{"line":97,"column":5},"end":{"line":97,"column":27}},"19":{"start":{"line":98,"column":5},"end":{"line":100,"column":8}},"20":{"start":{"line":99,"column":6},"end":{"line":99,"column":51}},"21":{"start":{"line":101,"column":5},"end":{"line":101,"column":43}},"22":{"start":{"line":104,"column":5},"end":{"line":105,"column":4}},"23":{"start":{"line":107,"column":5},"end":{"line":107,"column":13}},"24":{"start":{"line":112,"column":2},"end":{"line":116,"column":3}},"25":{"start":{"line":113,"column":3},"end":{"line":113,"column":48}},"26":{"start":{"line":114,"column":3},"end":{"line":114,"column":30}},"27":{"start":{"line":115,"column":3},"end":{"line":115,"column":80}},"28":{"start":{"line":117,"column":2},"end":{"line":117,"column":20}},"29":{"start":{"line":121,"column":3},"end":{"line":131,"column":15}},"30":{"start":{"line":123,"column":5},"end":{"line":123,"column":41}},"31":{"start":{"line":126,"column":5},"end":{"line":128,"column":8}},"32":{"start":{"line":127,"column":6},"end":{"line":127,"column":67}},"33":{"start":{"line":129,"column":5},"end":{"line":129,"column":27}},"34":{"start":{"line":135,"column":3},"end":{"line":135,"column":19}},"35":{"start":{"line":136,"column":3},"end":{"line":136,"column":24}},"36":{"start":{"line":137,"column":3},"end":{"line":137,"column":43}},"37":{"start":{"line":139,"column":3},"end":{"line":141,"column":7}},"38":{"start":{"line":140,"column":6},"end":{"line":140,"column":26}}},"branchMap":{"1":{"line":10,"type":"if","locations":[{"start":{"line":10,"column":1},"end":{"line":10,"column":1}},{"start":{"line":10,"column":1},"end":{"line":10,"column":1}}]},"2":{"line":85,"type":"if","locations":[{"start":{"line":85,"column":5},"end":{"line":85,"column":5}},{"start":{"line":85,"column":5},"end":{"line":85,"column":5}}]},"3":{"line":91,"type":"if","locations":[{"start":{"line":91,"column":5},"end":{"line":91,"column":5}},{"start":{"line":91,"column":5},"end":{"line":91,"column":5}}]},"4":{"line":112,"type":"if","locations":[{"start":{"line":112,"column":2},"end":{"line":112,"column":2}},{"start":{"line":112,"column":2},"end":{"line":112,"column":2}}]}}},"/Users/andrewshaffer/weo/api/lib/modelHook.js":{"path":"/Users/andrewshaffer/weo/api/lib/modelHook.js","s":{"1":1,"2":1},"b":{},"f":{},"fnMap":{},"statementMap":{"1":{"start":{"line":1,"column":0},"end":{"line":1,"column":44}},"2":{"start":{"line":3,"column":0},"end":{"line":3,"column":29}}},"branchMap":{}},"/Users/andrewshaffer/weo/api/api/models/Auth.js":{"path":"/Users/andrewshaffer/weo/api/api/models/Auth.js","s":{"1":1,"2":1,"3":29,"4":29,"5":0,"6":29,"7":6,"8":6,"9":6,"10":6,"11":6,"12":6,"13":0,"14":6,"15":6,"16":0},"b":{"1":[0,29],"2":[6,0]},"f":{"1":29,"2":29,"3":6,"4":6,"5":6,"6":6,"7":6,"8":0},"fnMap":{"1":{"name":"(anonymous_1)","line":19,"loc":{"start":{"line":19,"column":15},"end":{"line":19,"column":35}}},"2":{"name":"(anonymous_2)","line":20,"loc":{"start":{"line":20,"column":21},"end":{"line":20,"column":41}}},"3":{"name":"(anonymous_3)","line":25,"loc":{"start":{"line":25,"column":15},"end":{"line":25,"column":45}}},"4":{"name":"(anonymous_4)","line":27,"loc":{"start":{"line":27,"column":11},"end":{"line":27,"column":22}}},"5":{"name":"(anonymous_5)","line":30,"loc":{"start":{"line":30,"column":11},"end":{"line":30,"column":25}}},"6":{"name":"(anonymous_6)","line":34,"loc":{"start":{"line":34,"column":11},"end":{"line":34,"column":22}}},"7":{"name":"(anonymous_7)","line":40,"loc":{"start":{"line":40,"column":11},"end":{"line":40,"column":22}}},"8":{"name":"(anonymous_8)","line":44,"loc":{"start":{"line":44,"column":13},"end":{"line":44,"column":27}}}},"statementMap":{"1":{"start":{"line":8,"column":1},"end":{"line":9,"column":32}},"2":{"start":{"line":11,"column":1},"end":{"line":48,"column":2}},"3":{"start":{"line":20,"column":4},"end":{"line":23,"column":7}},"4":{"start":{"line":21,"column":6},"end":{"line":21,"column":28}},"5":{"start":{"line":21,"column":14},"end":{"line":21,"column":28}},"6":{"start":{"line":22,"column":6},"end":{"line":22,"column":33}},"7":{"start":{"line":26,"column":4},"end":{"line":46,"column":9}},"8":{"start":{"line":28,"column":8},"end":{"line":28,"column":37}},"9":{"start":{"line":31,"column":8},"end":{"line":31,"column":62}},"10":{"start":{"line":32,"column":8},"end":{"line":32,"column":63}},"11":{"start":{"line":35,"column":8},"end":{"line":38,"column":17}},"12":{"start":{"line":36,"column":10},"end":{"line":36,"column":57}},"13":{"start":{"line":38,"column":10},"end":{"line":38,"column":17}},"14":{"start":{"line":41,"column":8},"end":{"line":41,"column":34}},"15":{"start":{"line":42,"column":8},"end":{"line":42,"column":15}},"16":{"start":{"line":45,"column":8},"end":{"line":45,"column":18}}},"branchMap":{"1":{"line":21,"type":"if","locations":[{"start":{"line":21,"column":6},"end":{"line":21,"column":6}},{"start":{"line":21,"column":6},"end":{"line":21,"column":6}}]},"2":{"line":35,"type":"if","locations":[{"start":{"line":35,"column":8},"end":{"line":35,"column":8}},{"start":{"line":35,"column":8},"end":{"line":35,"column":8}}]}}},"/Users/andrewshaffer/weo/api/api/models/Comment.js":{"path":"/Users/andrewshaffer/weo/api/api/models/Comment.js","s":{"1":1,"2":1},"b":{},"f":{},"fnMap":{},"statementMap":{"1":{"start":{"line":9,"column":0},"end":{"line":10,"column":34}},"2":{"start":{"line":12,"column":0},"end":{"line":20,"column":3}}},"branchMap":{}},"/Users/andrewshaffer/weo/api/api/models/Discussion.js":{"path":"/Users/andrewshaffer/weo/api/api/models/Discussion.js","s":{"1":1},"b":{},"f":{},"fnMap":{},"statementMap":{"1":{"start":{"line":9,"column":0},"end":{"line":19,"column":2}}},"branchMap":{}},"/Users/andrewshaffer/weo/api/api/models/Event.js":{"path":"/Users/andrewshaffer/weo/api/api/models/Event.js","s":{"1":1,"2":1,"3":2,"4":1},"b":{},"f":{"1":2,"2":1},"fnMap":{"1":{"name":"(anonymous_1)","line":43,"loc":{"start":{"line":43,"column":14},"end":{"line":43,"column":27}}},"2":{"name":"(anonymous_2)","line":46,"loc":{"start":{"line":46,"column":14},"end":{"line":46,"column":31}}}},"statementMap":{"1":{"start":{"line":8,"column":0},"end":{"line":8,"column":52}},"2":{"start":{"line":10,"column":0},"end":{"line":49,"column":2}},"3":{"start":{"line":44,"column":4},"end":{"line":44,"column":32}},"4":{"start":{"line":47,"column":4},"end":{"line":47,"column":44}}},"branchMap":{}},"/Users/andrewshaffer/weo/api/api/services/subSchema.js":{"path":"/Users/andrewshaffer/weo/api/api/services/subSchema.js","s":{"1":1,"2":1,"3":1,"4":1,"5":46},"b":{},"f":{"1":1,"2":46},"fnMap":{"1":{"name":"(anonymous_1)","line":3,"loc":{"start":{"line":3,"column":17},"end":{"line":3,"column":34}}},"2":{"name":"(anonymous_2)","line":5,"loc":{"start":{"line":5,"column":9},"end":{"line":5,"column":21}}}},"statementMap":{"1":{"start":{"line":1,"column":0},"end":{"line":1,"column":44}},"2":{"start":{"line":3,"column":0},"end":{"line":8,"column":2}},"3":{"start":{"line":4,"column":2},"end":{"line":4,"column":39}},"4":{"start":{"line":5,"column":2},"end":{"line":7,"column":4}},"5":{"start":{"line":6,"column":4},"end":{"line":6,"column":34}}},"branchMap":{}},"/Users/andrewshaffer/weo/api/api/models/Group.js":{"path":"/Users/andrewshaffer/weo/api/api/models/Group.js","s":{"1":1,"2":12,"3":0,"4":12,"5":12,"6":0,"7":12,"8":12},"b":{"1":[0,12],"2":[0,12]},"f":{"1":12,"2":12},"fnMap":{"1":{"name":"(anonymous_1)","line":32,"loc":{"start":{"line":32,"column":21},"end":{"line":32,"column":43}}},"2":{"name":"(anonymous_2)","line":35,"loc":{"start":{"line":35,"column":4},"end":{"line":35,"column":24}}}},"statementMap":{"1":{"start":{"line":9,"column":0},"end":{"line":41,"column":2}},"2":{"start":{"line":33,"column":4},"end":{"line":33,"column":32}},"3":{"start":{"line":33,"column":18},"end":{"line":33,"column":32}},"4":{"start":{"line":34,"column":4},"end":{"line":39,"column":7}},"5":{"start":{"line":36,"column":6},"end":{"line":36,"column":24}},"6":{"start":{"line":36,"column":14},"end":{"line":36,"column":24}},"7":{"start":{"line":37,"column":6},"end":{"line":37,"column":24}},"8":{"start":{"line":38,"column":6},"end":{"line":38,"column":13}}},"branchMap":{"1":{"line":33,"type":"if","locations":[{"start":{"line":33,"column":4},"end":{"line":33,"column":4}},{"start":{"line":33,"column":4},"end":{"line":33,"column":4}}]},"2":{"line":36,"type":"if","locations":[{"start":{"line":36,"column":6},"end":{"line":36,"column":6}},{"start":{"line":36,"column":6},"end":{"line":36,"column":6}}]}}},"/Users/andrewshaffer/weo/api/api/models/Objective.js":{"path":"/Users/andrewshaffer/weo/api/api/models/Objective.js","s":{"1":1},"b":{},"f":{},"fnMap":{},"statementMap":{"1":{"start":{"line":9,"column":0},"end":{"line":31,"column":2}}},"branchMap":{}},"/Users/andrewshaffer/weo/api/api/models/Question.js":{"path":"/Users/andrewshaffer/weo/api/api/models/Question.js","s":{"1":1,"2":1},"b":{},"f":{},"fnMap":{},"statementMap":{"1":{"start":{"line":9,"column":0},"end":{"line":10,"column":34}},"2":{"start":{"line":12,"column":0},"end":{"line":30,"column":3}}},"branchMap":{}},"/Users/andrewshaffer/weo/api/api/models/S3.js":{"path":"/Users/andrewshaffer/weo/api/api/models/S3.js","s":{"1":1},"b":{},"f":{},"fnMap":{},"statementMap":{"1":{"start":{"line":9,"column":0},"end":{"line":50,"column":2}}},"branchMap":{}},"/Users/andrewshaffer/weo/api/api/models/Search.js":{"path":"/Users/andrewshaffer/weo/api/api/models/Search.js","s":{"1":1},"b":{},"f":{},"fnMap":{},"statementMap":{"1":{"start":{"line":9,"column":0},"end":{"line":19,"column":2}}},"branchMap":{}},"/Users/andrewshaffer/weo/api/api/models/Skill.js":{"path":"/Users/andrewshaffer/weo/api/api/models/Skill.js","s":{"1":1,"2":0,"3":0,"4":0,"5":0,"6":0,"7":0,"8":0,"9":0,"10":1,"11":1},"b":{},"f":{"1":0,"2":0,"3":0,"4":0,"5":0},"fnMap":{"1":{"name":"(anonymous_1)","line":12,"loc":{"start":{"line":12,"column":13},"end":{"line":12,"column":24}}},"2":{"name":"(anonymous_2)","line":13,"loc":{"start":{"line":13,"column":8},"end":{"line":13,"column":19}}},"3":{"name":"(anonymous_3)","line":35,"loc":{"start":{"line":35,"column":10},"end":{"line":35,"column":21}}},"4":{"name":"(anonymous_4)","line":43,"loc":{"start":{"line":43,"column":17},"end":{"line":43,"column":39}}},"5":{"name":"(anonymous_5)","line":44,"loc":{"start":{"line":44,"column":21},"end":{"line":44,"column":43}}}},"statementMap":{"1":{"start":{"line":9,"column":0},"end":{"line":51,"column":2}},"2":{"start":{"line":12,"column":26},"end":{"line":12,"column":38}},"3":{"start":{"line":13,"column":21},"end":{"line":13,"column":33}},"4":{"start":{"line":36,"column":8},"end":{"line":36,"column":34}},"5":{"start":{"line":44,"column":4},"end":{"line":49,"column":7}},"6":{"start":{"line":45,"column":6},"end":{"line":45,"column":25}},"7":{"start":{"line":46,"column":6},"end":{"line":46,"column":65}},"8":{"start":{"line":47,"column":6},"end":{"line":47,"column":26}},"9":{"start":{"line":48,"column":6},"end":{"line":48,"column":13}},"10":{"start":{"line":53,"column":0},"end":{"line":53,"column":80}},"11":{"start":{"line":54,"column":0},"end":{"line":54,"column":78}}},"branchMap":{}},"/Users/andrewshaffer/weo/api/api/services/virtualize.js":{"path":"/Users/andrewshaffer/weo/api/api/services/virtualize.js","s":{"1":1,"2":1,"3":4,"4":2,"5":22,"6":2,"7":2,"8":0,"9":2},"b":{"1":[2,20],"2":[22,14],"3":[0,2]},"f":{"1":4,"2":2,"3":22},"fnMap":{"1":{"name":"(anonymous_1)","line":3,"loc":{"start":{"line":3,"column":17},"end":{"line":3,"column":33}}},"2":{"name":"(anonymous_2)","line":4,"loc":{"start":{"line":4,"column":9},"end":{"line":4,"column":32}}},"3":{"name":"(anonymous_3)","line":5,"loc":{"start":{"line":5,"column":18},"end":{"line":5,"column":37}}}},"statementMap":{"1":{"start":{"line":1,"column":0},"end":{"line":1,"column":26}},"2":{"start":{"line":3,"column":0},"end":{"line":14,"column":2}},"3":{"start":{"line":4,"column":2},"end":{"line":13,"column":4}},"4":{"start":{"line":5,"column":4},"end":{"line":11,"column":7}},"5":{"start":{"line":6,"column":6},"end":{"line":10,"column":7}},"6":{"start":{"line":7,"column":8},"end":{"line":7,"column":43}},"7":{"start":{"line":8,"column":8},"end":{"line":9,"column":29}},"8":{"start":{"line":9,"column":10},"end":{"line":9,"column":29}},"9":{"start":{"line":12,"column":4},"end":{"line":12,"column":11}}},"branchMap":{"1":{"line":6,"type":"if","locations":[{"start":{"line":6,"column":6},"end":{"line":6,"column":6}},{"start":{"line":6,"column":6},"end":{"line":6,"column":6}}]},"2":{"line":6,"type":"binary-expr","locations":[{"start":{"line":6,"column":9},"end":{"line":6,"column":24}},{"start":{"line":6,"column":28},"end":{"line":6,"column":50}}]},"3":{"line":8,"type":"if","locations":[{"start":{"line":8,"column":8},"end":{"line":8,"column":8}},{"start":{"line":8,"column":8},"end":{"line":8,"column":8}}]}}},"/Users/andrewshaffer/weo/api/api/models/Student.js":{"path":"/Users/andrewshaffer/weo/api/api/models/Student.js","s":{"1":1,"2":1,"3":4,"4":4,"5":0,"6":0,"7":0,"8":0,"9":0,"10":0,"11":0,"12":0,"13":0,"14":0,"15":0},"b":{"1":[0,0]},"f":{"1":4,"2":4,"3":0,"4":0,"5":0,"6":0},"fnMap":{"1":{"name":"(anonymous_1)","line":14,"loc":{"start":{"line":14,"column":27},"end":{"line":14,"column":59}}},"2":{"name":"(anonymous_2)","line":17,"loc":{"start":{"line":17,"column":14},"end":{"line":17,"column":33}}},"3":{"name":"(anonymous_3)","line":41,"loc":{"start":{"line":41,"column":18},"end":{"line":41,"column":41}}},"4":{"name":"(anonymous_4)","line":42,"loc":{"start":{"line":42,"column":56},"end":{"line":42,"column":77}}},"5":{"name":"(anonymous_5)","line":44,"loc":{"start":{"line":44,"column":37},"end":{"line":44,"column":52}}},"6":{"name":"(anonymous_6)","line":47,"loc":{"start":{"line":47,"column":35},"end":{"line":47,"column":50}}}},"statementMap":{"1":{"start":{"line":8,"column":0},"end":{"line":10,"column":26}},"2":{"start":{"line":12,"column":0},"end":{"line":56,"column":3}},"3":{"start":{"line":15,"column":6},"end":{"line":15,"column":53}},"4":{"start":{"line":18,"column":6},"end":{"line":18,"column":53}},"5":{"start":{"line":42,"column":4},"end":{"line":54,"column":7}},"6":{"start":{"line":43,"column":6},"end":{"line":43,"column":30}},"7":{"start":{"line":43,"column":15},"end":{"line":43,"column":30}},"8":{"start":{"line":44,"column":6},"end":{"line":47,"column":6}},"9":{"start":{"line":45,"column":8},"end":{"line":45,"column":39}},"10":{"start":{"line":47,"column":6},"end":{"line":52,"column":9}},"11":{"start":{"line":48,"column":8},"end":{"line":48,"column":23}},"12":{"start":{"line":49,"column":8},"end":{"line":49,"column":65}},"13":{"start":{"line":50,"column":8},"end":{"line":50,"column":27}},"14":{"start":{"line":51,"column":8},"end":{"line":51,"column":21}},"15":{"start":{"line":53,"column":6},"end":{"line":53,"column":23}}},"branchMap":{"1":{"line":43,"type":"if","locations":[{"start":{"line":43,"column":6},"end":{"line":43,"column":6}},{"start":{"line":43,"column":6},"end":{"line":43,"column":6}}]}}},"/Users/andrewshaffer/weo/api/api/models/User.js":{"path":"/Users/andrewshaffer/weo/api/api/models/User.js","s":{"1":1,"2":1,"3":1,"4":42,"5":0,"6":0,"7":0,"8":42,"9":25,"10":25,"11":25,"12":24,"13":24,"14":13,"15":13,"16":13,"17":13,"18":13,"19":13,"20":0,"21":13,"22":13,"23":13,"24":0,"25":0,"26":0,"27":0,"28":0,"29":0,"30":0,"31":0,"32":0,"33":0},"b":{"1":[0,42],"2":[13,0],"3":[0,13],"4":[13,0],"5":[0,0],"6":[0,0],"7":[0,0]},"f":{"1":42,"2":25,"3":24,"4":13,"5":13,"6":0,"7":0},"fnMap":{"1":{"name":"(anonymous_1)","line":50,"loc":{"start":{"line":50,"column":21},"end":{"line":50,"column":44}}},"2":{"name":"(anonymous_2)","line":58,"loc":{"start":{"line":58,"column":17},"end":{"line":58,"column":39}}},"3":{"name":"(anonymous_3)","line":64,"loc":{"start":{"line":64,"column":16},"end":{"line":64,"column":38}}},"4":{"name":"(anonymous_4)","line":68,"loc":{"start":{"line":68,"column":14},"end":{"line":68,"column":55}}},"5":{"name":"(anonymous_5)","line":74,"loc":{"start":{"line":74,"column":43},"end":{"line":74,"column":64}}},"6":{"name":"(anonymous_6)","line":85,"loc":{"start":{"line":85,"column":10},"end":{"line":85,"column":37}}},"7":{"name":"(anonymous_7)","line":86,"loc":{"start":{"line":86,"column":30},"end":{"line":86,"column":50}}}},"statementMap":{"1":{"start":{"line":1,"column":0},"end":{"line":2,"column":25}},"2":{"start":{"line":11,"column":0},"end":{"line":11,"column":44}},"3":{"start":{"line":13,"column":0},"end":{"line":96,"column":2}},"4":{"start":{"line":51,"column":4},"end":{"line":55,"column":5}},"5":{"start":{"line":52,"column":6},"end":{"line":52,"column":38}},"6":{"start":{"line":53,"column":6},"end":{"line":53,"column":49}},"7":{"start":{"line":54,"column":6},"end":{"line":54,"column":64}},"8":{"start":{"line":56,"column":4},"end":{"line":56,"column":11}},"9":{"start":{"line":59,"column":4},"end":{"line":59,"column":39}},"10":{"start":{"line":60,"column":4},"end":{"line":61,"column":25}},"11":{"start":{"line":62,"column":4},"end":{"line":62,"column":11}},"12":{"start":{"line":65,"column":4},"end":{"line":65,"column":26}},"13":{"start":{"line":66,"column":4},"end":{"line":66,"column":11}},"14":{"start":{"line":69,"column":4},"end":{"line":72,"column":5}},"15":{"start":{"line":70,"column":6},"end":{"line":70,"column":21}},"16":{"start":{"line":71,"column":6},"end":{"line":71,"column":28}},"17":{"start":{"line":73,"column":4},"end":{"line":73,"column":48}},"18":{"start":{"line":74,"column":4},"end":{"line":83,"column":7}},"19":{"start":{"line":75,"column":6},"end":{"line":75,"column":30}},"20":{"start":{"line":75,"column":15},"end":{"line":75,"column":30}},"21":{"start":{"line":76,"column":6},"end":{"line":81,"column":7}},"22":{"start":{"line":77,"column":8},"end":{"line":77,"column":28}},"23":{"start":{"line":78,"column":8},"end":{"line":78,"column":23}},"24":{"start":{"line":80,"column":8},"end":{"line":80,"column":53}},"25":{"start":{"line":86,"column":4},"end":{"line":94,"column":7}},"26":{"start":{"line":87,"column":6},"end":{"line":87,"column":30}},"27":{"start":{"line":87,"column":15},"end":{"line":87,"column":30}},"28":{"start":{"line":88,"column":6},"end":{"line":90,"column":7}},"29":{"start":{"line":89,"column":8},"end":{"line":89,"column":54}},"30":{"start":{"line":91,"column":6},"end":{"line":91,"column":38}},"31":{"start":{"line":92,"column":6},"end":{"line":92,"column":36}},"32":{"start":{"line":92,"column":16},"end":{"line":92,"column":36}},"33":{"start":{"line":93,"column":6},"end":{"line":93,"column":35}}},"branchMap":{"1":{"line":51,"type":"if","locations":[{"start":{"line":51,"column":4},"end":{"line":51,"column":4}},{"start":{"line":51,"column":4},"end":{"line":51,"column":4}}]},"2":{"line":69,"type":"if","locations":[{"start":{"line":69,"column":4},"end":{"line":69,"column":4}},{"start":{"line":69,"column":4},"end":{"line":69,"column":4}}]},"3":{"line":75,"type":"if","locations":[{"start":{"line":75,"column":6},"end":{"line":75,"column":6}},{"start":{"line":75,"column":6},"end":{"line":75,"column":6}}]},"4":{"line":76,"type":"if","locations":[{"start":{"line":76,"column":6},"end":{"line":76,"column":6}},{"start":{"line":76,"column":6},"end":{"line":76,"column":6}}]},"5":{"line":87,"type":"if","locations":[{"start":{"line":87,"column":6},"end":{"line":87,"column":6}},{"start":{"line":87,"column":6},"end":{"line":87,"column":6}}]},"6":{"line":88,"type":"if","locations":[{"start":{"line":88,"column":6},"end":{"line":88,"column":6}},{"start":{"line":88,"column":6},"end":{"line":88,"column":6}}]},"7":{"line":92,"type":"if","locations":[{"start":{"line":92,"column":6},"end":{"line":92,"column":6}},{"start":{"line":92,"column":6},"end":{"line":92,"column":6}}]}}},"/Users/andrewshaffer/weo/api/api/models/Tag.js":{"path":"/Users/andrewshaffer/weo/api/api/models/Tag.js","s":{"1":1,"2":0,"3":0},"b":{},"f":{"1":0},"fnMap":{"1":{"name":"(anonymous_1)","line":39,"loc":{"start":{"line":39,"column":16},"end":{"line":39,"column":39}}}},"statementMap":{"1":{"start":{"line":9,"column":0},"end":{"line":43,"column":2}},"2":{"start":{"line":40,"column":4},"end":{"line":40,"column":49}},"3":{"start":{"line":41,"column":4},"end":{"line":41,"column":11}}},"branchMap":{}},"/Users/andrewshaffer/weo/api/api/models/Teacher.js":{"path":"/Users/andrewshaffer/weo/api/api/models/Teacher.js","s":{"1":1,"2":1,"3":1,"4":1,"5":3,"6":1,"7":1},"b":{},"f":{"1":1,"2":1,"3":3},"fnMap":{"1":{"name":"(anonymous_1)","line":13,"loc":{"start":{"line":13,"column":13},"end":{"line":13,"column":24}}},"2":{"name":"(anonymous_2)","line":14,"loc":{"start":{"line":14,"column":8},"end":{"line":14,"column":19}}},"3":{"name":"(anonymous_3)","line":28,"loc":{"start":{"line":28,"column":10},"end":{"line":28,"column":21}}}},"statementMap":{"1":{"start":{"line":8,"column":0},"end":{"line":9,"column":32}},"2":{"start":{"line":11,"column":0},"end":{"line":38,"column":3}},"3":{"start":{"line":13,"column":26},"end":{"line":13,"column":38}},"4":{"start":{"line":14,"column":21},"end":{"line":14,"column":33}},"5":{"start":{"line":29,"column":8},"end":{"line":29,"column":29}},"6":{"start":{"line":40,"column":0},"end":{"line":40,"column":80}},"7":{"start":{"line":41,"column":0},"end":{"line":41,"column":78}}},"branchMap":{}},"/Users/andrewshaffer/weo/api/api/controllers/AnswerController.js":{"path":"/Users/andrewshaffer/weo/api/api/controllers/AnswerController.js","s":{"1":1,"2":1},"b":{},"f":{},"fnMap":{},"statementMap":{"1":{"start":{"line":8,"column":0},"end":{"line":10,"column":0}},"2":{"start":{"line":10,"column":0},"end":{"line":18,"column":3}}},"branchMap":{}},"/Users/andrewshaffer/weo/api/api/controllers/PostController.js":{"path":"/Users/andrewshaffer/weo/api/api/controllers/PostController.js","s":{"1":1,"2":1,"3":11,"4":11,"5":11,"6":11,"7":11,"8":11,"9":11,"10":5,"11":6,"12":6,"13":6,"14":6,"15":3,"16":3,"17":3,"18":3,"19":3,"20":3,"21":0,"22":3,"23":3},"b":{"1":[5,6],"2":[6,0],"3":[3,3],"4":[3,3,3],"5":[0,3]},"f":{"1":11,"2":11,"3":3,"4":3,"5":3},"fnMap":{"1":{"name":"(anonymous_1)","line":19,"loc":{"start":{"line":19,"column":10},"end":{"line":19,"column":29}}},"2":{"name":"(anonymous_2)","line":27,"loc":{"start":{"line":27,"column":22},"end":{"line":27,"column":42}}},"3":{"name":"(anonymous_3)","line":42,"loc":{"start":{"line":42,"column":8},"end":{"line":42,"column":27}}},"4":{"name":"(anonymous_4)","line":55,"loc":{"start":{"line":55,"column":28},"end":{"line":55,"column":49}}},"5":{"name":"(anonymous_5)","line":57,"loc":{"start":{"line":57,"column":26},"end":{"line":57,"column":42}}}},"statementMap":{"1":{"start":{"line":1,"column":0},"end":{"line":1,"column":26}},"2":{"start":{"line":12,"column":0},"end":{"line":64,"column":2}},"3":{"start":{"line":20,"column":3},"end":{"line":20,"column":31}},"4":{"start":{"line":21,"column":3},"end":{"line":21,"column":38}},"5":{"start":{"line":22,"column":3},"end":{"line":22,"column":26}},"6":{"start":{"line":23,"column":3},"end":{"line":23,"column":37}},"7":{"start":{"line":25,"column":3},"end":{"line":25,"column":51}},"8":{"start":{"line":27,"column":3},"end":{"line":39,"column":6}},"9":{"start":{"line":28,"column":4},"end":{"line":28,"column":41}},"10":{"start":{"line":28,"column":13},"end":{"line":28,"column":41}},"11":{"start":{"line":29,"column":6},"end":{"line":36,"column":7}},"12":{"start":{"line":30,"column":8},"end":{"line":35,"column":23}},"13":{"start":{"line":37,"column":4},"end":{"line":37,"column":20}},"14":{"start":{"line":38,"column":4},"end":{"line":38,"column":28}},"15":{"start":{"line":43,"column":3},"end":{"line":43,"column":46}},"16":{"start":{"line":44,"column":3},"end":{"line":44,"column":51}},"17":{"start":{"line":45,"column":3},"end":{"line":45,"column":47}},"18":{"start":{"line":46,"column":3},"end":{"line":51,"column":5}},"19":{"start":{"line":55,"column":3},"end":{"line":60,"column":6}},"20":{"start":{"line":56,"column":4},"end":{"line":56,"column":34}},"21":{"start":{"line":56,"column":13},"end":{"line":56,"column":34}},"22":{"start":{"line":57,"column":4},"end":{"line":59,"column":8}},"23":{"start":{"line":58,"column":5},"end":{"line":58,"column":27}}},"branchMap":{"1":{"line":28,"type":"if","locations":[{"start":{"line":28,"column":4},"end":{"line":28,"column":4}},{"start":{"line":28,"column":4},"end":{"line":28,"column":4}}]},"2":{"line":29,"type":"if","locations":[{"start":{"line":29,"column":6},"end":{"line":29,"column":6}},{"start":{"line":29,"column":6},"end":{"line":29,"column":6}}]},"3":{"line":47,"type":"binary-expr","locations":[{"start":{"line":47,"column":11},"end":{"line":47,"column":29}},{"start":{"line":47,"column":33},"end":{"line":47,"column":42}}]},"4":{"line":48,"type":"binary-expr","locations":[{"start":{"line":48,"column":10},"end":{"line":48,"column":27}},{"start":{"line":48,"column":31},"end":{"line":48,"column":50}},{"start":{"line":48,"column":54},"end":{"line":48,"column":63}}]},"5":{"line":56,"type":"if","locations":[{"start":{"line":56,"column":4},"end":{"line":56,"column":4}},{"start":{"line":56,"column":4},"end":{"line":56,"column":4}}]}}},"/Users/andrewshaffer/weo/api/api/controllers/AssignmentController.js":{"path":"/Users/andrewshaffer/weo/api/api/controllers/AssignmentController.js","s":{"1":1,"2":1,"3":17,"4":17,"5":17,"6":1,"7":1,"8":16,"9":1,"10":15,"11":0,"12":15,"13":1,"14":1,"15":1,"16":1,"17":0,"18":3,"19":3,"20":3,"21":2,"22":3,"23":1,"24":3,"25":3,"26":0,"27":1,"28":1,"29":1,"30":1,"31":1,"32":1,"33":1,"34":0,"35":1,"36":1,"37":4,"38":4,"39":1,"40":1,"41":0,"42":1,"43":3,"44":11},"b":{"1":[1,16],"2":[1,0],"3":[1,1],"4":[1,15],"5":[16,1],"6":[0,15],"7":[1,1],"8":[2,1],"9":[1,2],"10":[0,1],"11":[1,3],"12":[0,1]},"f":{"1":17,"2":17,"3":1,"4":1,"5":0,"6":3,"7":3,"8":0,"9":1,"10":1,"11":4,"12":4,"13":11},"fnMap":{"1":{"name":"(anonymous_1)","line":21,"loc":{"start":{"line":21,"column":10},"end":{"line":21,"column":29}}},"2":{"name":"(anonymous_2)","line":23,"loc":{"start":{"line":23,"column":68},"end":{"line":23,"column":94}}},"3":{"name":"(anonymous_3)","line":41,"loc":{"start":{"line":41,"column":10},"end":{"line":41,"column":29}}},"4":{"name":"(anonymous_4)","line":48,"loc":{"start":{"line":48,"column":11},"end":{"line":48,"column":22}}},"5":{"name":"(anonymous_5)","line":52,"loc":{"start":{"line":52,"column":13},"end":{"line":52,"column":27}}},"6":{"name":"(anonymous_6)","line":57,"loc":{"start":{"line":57,"column":8},"end":{"line":57,"column":27}}},"7":{"name":"(anonymous_7)","line":66,"loc":{"start":{"line":66,"column":9},"end":{"line":66,"column":20}}},"8":{"name":"(anonymous_8)","line":70,"loc":{"start":{"line":70,"column":11},"end":{"line":70,"column":25}}},"9":{"name":"(anonymous_9)","line":75,"loc":{"start":{"line":75,"column":9},"end":{"line":75,"column":28}}},"10":{"name":"(anonymous_10)","line":83,"loc":{"start":{"line":83,"column":49},"end":{"line":83,"column":75}}},"11":{"name":"findNormalizeResponse","line":96,"loc":{"start":{"line":96,"column":0},"end":{"line":96,"column":50}}},"12":{"name":"(anonymous_12)","line":97,"loc":{"start":{"line":97,"column":9},"end":{"line":97,"column":31}}},"13":{"name":"(anonymous_13)","line":108,"loc":{"start":{"line":108,"column":34},"end":{"line":108,"column":50}}}},"statementMap":{"1":{"start":{"line":1,"column":0},"end":{"line":1,"column":25}},"2":{"start":{"line":10,"column":0},"end":{"line":94,"column":2}},"3":{"start":{"line":22,"column":3},"end":{"line":22,"column":37}},"4":{"start":{"line":23,"column":3},"end":{"line":38,"column":6}},"5":{"start":{"line":24,"column":4},"end":{"line":34,"column":7}},"6":{"start":{"line":25,"column":5},"end":{"line":29,"column":6}},"7":{"start":{"line":26,"column":6},"end":{"line":28,"column":18}},"8":{"start":{"line":30,"column":11},"end":{"line":34,"column":7}},"9":{"start":{"line":31,"column":8},"end":{"line":33,"column":21}},"10":{"start":{"line":35,"column":4},"end":{"line":35,"column":23}},"11":{"start":{"line":35,"column":13},"end":{"line":35,"column":23}},"12":{"start":{"line":37,"column":4},"end":{"line":37,"column":34}},"13":{"start":{"line":42,"column":4},"end":{"line":44,"column":48}},"14":{"start":{"line":46,"column":4},"end":{"line":46,"column":114}},"15":{"start":{"line":47,"column":4},"end":{"line":54,"column":9}},"16":{"start":{"line":49,"column":8},"end":{"line":50,"column":6}},"17":{"start":{"line":53,"column":8},"end":{"line":53,"column":18}},"18":{"start":{"line":58,"column":3},"end":{"line":60,"column":45}},"19":{"start":{"line":62,"column":3},"end":{"line":62,"column":67}},"20":{"start":{"line":63,"column":3},"end":{"line":63,"column":33}},"21":{"start":{"line":63,"column":14},"end":{"line":63,"column":33}},"22":{"start":{"line":64,"column":3},"end":{"line":64,"column":46}},"23":{"start":{"line":64,"column":20},"end":{"line":64,"column":46}},"24":{"start":{"line":65,"column":3},"end":{"line":72,"column":7}},"25":{"start":{"line":67,"column":5},"end":{"line":67,"column":59}},"26":{"start":{"line":71,"column":5},"end":{"line":71,"column":15}},"27":{"start":{"line":76,"column":3},"end":{"line":78,"column":33}},"28":{"start":{"line":80,"column":3},"end":{"line":80,"column":19}},"29":{"start":{"line":81,"column":3},"end":{"line":81,"column":50}},"30":{"start":{"line":82,"column":3},"end":{"line":82,"column":53}},"31":{"start":{"line":83,"column":3},"end":{"line":92,"column":2}},"32":{"start":{"line":84,"column":4},"end":{"line":84,"column":36}},"33":{"start":{"line":85,"column":4},"end":{"line":89,"column":5}},"34":{"start":{"line":86,"column":5},"end":{"line":88,"column":17}},"35":{"start":{"line":90,"column":4},"end":{"line":90,"column":34}},"36":{"start":{"line":96,"column":0},"end":{"line":110,"column":1}},"37":{"start":{"line":97,"column":2},"end":{"line":110,"column":0}},"38":{"start":{"line":98,"column":4},"end":{"line":108,"column":77}},"39":{"start":{"line":99,"column":6},"end":{"line":99,"column":38}},"40":{"start":{"line":100,"column":6},"end":{"line":106,"column":7}},"41":{"start":{"line":101,"column":8},"end":{"line":103,"column":21}},"42":{"start":{"line":105,"column":8},"end":{"line":105,"column":38}},"43":{"start":{"line":108,"column":6},"end":{"line":108,"column":77}},"44":{"start":{"line":108,"column":52},"end":{"line":108,"column":73}}},"branchMap":{"1":{"line":24,"type":"if","locations":[{"start":{"line":24,"column":4},"end":{"line":24,"column":4}},{"start":{"line":24,"column":4},"end":{"line":24,"column":4}}]},"2":{"line":25,"type":"if","locations":[{"start":{"line":25,"column":5},"end":{"line":25,"column":5}},{"start":{"line":25,"column":5},"end":{"line":25,"column":5}}]},"3":{"line":25,"type":"binary-expr","locations":[{"start":{"line":25,"column":9},"end":{"line":25,"column":12}},{"start":{"line":25,"column":16},"end":{"line":25,"column":43}}]},"4":{"line":30,"type":"if","locations":[{"start":{"line":30,"column":11},"end":{"line":30,"column":11}},{"start":{"line":30,"column":11},"end":{"line":30,"column":11}}]},"5":{"line":30,"type":"binary-expr","locations":[{"start":{"line":30,"column":15},"end":{"line":30,"column":18}},{"start":{"line":30,"column":22},"end":{"line":30,"column":41}}]},"6":{"line":35,"type":"if","locations":[{"start":{"line":35,"column":4},"end":{"line":35,"column":4}},{"start":{"line":35,"column":4},"end":{"line":35,"column":4}}]},"7":{"line":44,"type":"binary-expr","locations":[{"start":{"line":44,"column":20},"end":{"line":44,"column":42}},{"start":{"line":44,"column":46},"end":{"line":44,"column":47}}]},"8":{"line":63,"type":"if","locations":[{"start":{"line":63,"column":3},"end":{"line":63,"column":3}},{"start":{"line":63,"column":3},"end":{"line":63,"column":3}}]},"9":{"line":64,"type":"if","locations":[{"start":{"line":64,"column":3},"end":{"line":64,"column":3}},{"start":{"line":64,"column":3},"end":{"line":64,"column":3}}]},"10":{"line":85,"type":"if","locations":[{"start":{"line":85,"column":4},"end":{"line":85,"column":4}},{"start":{"line":85,"column":4},"end":{"line":85,"column":4}}]},"11":{"line":98,"type":"if","locations":[{"start":{"line":98,"column":4},"end":{"line":98,"column":4}},{"start":{"line":98,"column":4},"end":{"line":98,"column":4}}]},"12":{"line":100,"type":"if","locations":[{"start":{"line":100,"column":6},"end":{"line":100,"column":6}},{"start":{"line":100,"column":6},"end":{"line":100,"column":6}}]}}},"/Users/andrewshaffer/weo/api/api/controllers/AuthController.js":{"path":"/Users/andrewshaffer/weo/api/api/controllers/AuthController.js","s":{"1":1,"2":1,"3":8,"4":8,"5":8,"6":0,"7":8,"8":1,"9":7,"10":6,"11":6,"12":0,"13":6,"14":1,"15":0,"16":0,"17":0,"18":0,"19":0,"20":0,"21":0},"b":{"1":[0,8],"2":[1,7],"3":[6,1],"4":[0,6],"5":[0,0],"6":[0,0]},"f":{"1":8,"2":8,"3":6,"4":0,"5":0,"6":0},"fnMap":{"1":{"name":"(anonymous_1)","line":33,"loc":{"start":{"line":33,"column":9},"end":{"line":33,"column":28}}},"2":{"name":"(anonymous_2)","line":38,"loc":{"start":{"line":38,"column":10},"end":{"line":38,"column":30}}},"3":{"name":"(anonymous_3)","line":49,"loc":{"start":{"line":49,"column":14},"end":{"line":49,"column":35}}},"4":{"name":"(anonymous_4)","line":65,"loc":{"start":{"line":65,"column":10},"end":{"line":65,"column":29}}},"5":{"name":"(anonymous_5)","line":69,"loc":{"start":{"line":69,"column":8},"end":{"line":69,"column":27}}},"6":{"name":"(anonymous_6)","line":73,"loc":{"start":{"line":73,"column":12},"end":{"line":73,"column":32}}}},"statementMap":{"1":{"start":{"line":17,"column":0},"end":{"line":20,"column":25}},"2":{"start":{"line":22,"column":0},"end":{"line":78,"column":2}},"3":{"start":{"line":34,"column":4},"end":{"line":35,"column":41}},"4":{"start":{"line":37,"column":4},"end":{"line":63,"column":7}},"5":{"start":{"line":39,"column":6},"end":{"line":39,"column":24}},"6":{"start":{"line":39,"column":14},"end":{"line":39,"column":24}},"7":{"start":{"line":40,"column":6},"end":{"line":44,"column":7}},"8":{"start":{"line":41,"column":8},"end":{"line":43,"column":21}},"9":{"start":{"line":46,"column":6},"end":{"line":62,"column":7}},"10":{"start":{"line":47,"column":8},"end":{"line":57,"column":15}},"11":{"start":{"line":50,"column":14},"end":{"line":50,"column":32}},"12":{"start":{"line":50,"column":22},"end":{"line":50,"column":32}},"13":{"start":{"line":51,"column":14},"end":{"line":56,"column":17}},"14":{"start":{"line":59,"column":8},"end":{"line":61,"column":21}},"15":{"start":{"line":67,"column":4},"end":{"line":67,"column":18}},"16":{"start":{"line":70,"column":4},"end":{"line":71,"column":27}},"17":{"start":{"line":71,"column":6},"end":{"line":71,"column":27}},"18":{"start":{"line":72,"column":4},"end":{"line":76,"column":9}},"19":{"start":{"line":74,"column":8},"end":{"line":74,"column":26}},"20":{"start":{"line":74,"column":16},"end":{"line":74,"column":26}},"21":{"start":{"line":75,"column":8},"end":{"line":75,"column":23}}},"branchMap":{"1":{"line":39,"type":"if","locations":[{"start":{"line":39,"column":6},"end":{"line":39,"column":6}},{"start":{"line":39,"column":6},"end":{"line":39,"column":6}}]},"2":{"line":40,"type":"if","locations":[{"start":{"line":40,"column":6},"end":{"line":40,"column":6}},{"start":{"line":40,"column":6},"end":{"line":40,"column":6}}]},"3":{"line":46,"type":"if","locations":[{"start":{"line":46,"column":6},"end":{"line":46,"column":6}},{"start":{"line":46,"column":6},"end":{"line":46,"column":6}}]},"4":{"line":50,"type":"if","locations":[{"start":{"line":50,"column":14},"end":{"line":50,"column":14}},{"start":{"line":50,"column":14},"end":{"line":50,"column":14}}]},"5":{"line":70,"type":"if","locations":[{"start":{"line":70,"column":4},"end":{"line":70,"column":4}},{"start":{"line":70,"column":4},"end":{"line":70,"column":4}}]},"6":{"line":74,"type":"if","locations":[{"start":{"line":74,"column":8},"end":{"line":74,"column":8}},{"start":{"line":74,"column":8},"end":{"line":74,"column":8}}]}}},"/Users/andrewshaffer/weo/api/api/controllers/CommentController.js":{"path":"/Users/andrewshaffer/weo/api/api/controllers/CommentController.js","s":{"1":1,"2":1},"b":{},"f":{},"fnMap":{},"statementMap":{"1":{"start":{"line":8,"column":0},"end":{"line":10,"column":0}},"2":{"start":{"line":10,"column":0},"end":{"line":20,"column":3}}},"branchMap":{}},"/Users/andrewshaffer/weo/api/api/controllers/DiscussionController.js":{"path":"/Users/andrewshaffer/weo/api/api/controllers/DiscussionController.js","s":{"1":1,"2":0,"3":0,"4":0,"5":0},"b":{},"f":{"1":0,"2":0},"fnMap":{"1":{"name":"(anonymous_1)","line":33,"loc":{"start":{"line":33,"column":22},"end":{"line":33,"column":41}}},"2":{"name":"(anonymous_2)","line":38,"loc":{"start":{"line":38,"column":22},"end":{"line":38,"column":41}}}},"statementMap":{"1":{"start":{"line":18,"column":0},"end":{"line":44,"column":2}},"2":{"start":{"line":34,"column":3},"end":{"line":34,"column":53}},"3":{"start":{"line":35,"column":3},"end":{"line":35,"column":17}},"4":{"start":{"line":39,"column":3},"end":{"line":39,"column":55}},"5":{"start":{"line":40,"column":3},"end":{"line":40,"column":17}}},"branchMap":{}},"/Users/andrewshaffer/weo/api/api/controllers/EventController.js":{"path":"/Users/andrewshaffer/weo/api/api/controllers/EventController.js","s":{"1":1,"2":23,"3":23,"4":23,"5":23,"6":0,"7":23,"8":0,"9":23,"10":23,"11":23,"12":1,"13":22,"14":22,"15":22,"16":22,"17":0,"18":0,"19":0,"20":0,"21":0,"22":0,"23":1,"24":1,"25":0,"26":1,"27":2,"28":2,"29":2,"30":0,"31":2,"32":0,"33":2},"b":{"1":[0,23],"2":[0,23],"3":[1,22],"4":[22,0],"5":[0,1],"6":[0,2],"7":[0,2]},"f":{"1":23,"2":23,"3":23,"4":22,"5":0,"6":0,"7":1,"8":1,"9":2,"10":2},"fnMap":{"1":{"name":"(anonymous_1)","line":27,"loc":{"start":{"line":27,"column":8},"end":{"line":27,"column":27}}},"2":{"name":"(anonymous_2)","line":31,"loc":{"start":{"line":31,"column":12},"end":{"line":31,"column":32}}},"3":{"name":"(anonymous_3)","line":42,"loc":{"start":{"line":42,"column":16},"end":{"line":42,"column":44}}},"4":{"name":"(anonymous_4)","line":45,"loc":{"start":{"line":45,"column":38},"end":{"line":45,"column":51}}},"5":{"name":"(anonymous_5)","line":59,"loc":{"start":{"line":59,"column":22},"end":{"line":59,"column":41}}},"6":{"name":"(anonymous_6)","line":64,"loc":{"start":{"line":64,"column":22},"end":{"line":64,"column":41}}},"7":{"name":"(anonymous_7)","line":69,"loc":{"start":{"line":69,"column":10},"end":{"line":69,"column":29}}},"8":{"name":"(anonymous_8)","line":72,"loc":{"start":{"line":72,"column":12},"end":{"line":72,"column":34}}},"9":{"name":"(anonymous_9)","line":77,"loc":{"start":{"line":77,"column":8},"end":{"line":77,"column":27}}},"10":{"name":"(anonymous_10)","line":81,"loc":{"start":{"line":81,"column":12},"end":{"line":81,"column":34}}}},"statementMap":{"1":{"start":{"line":17,"column":0},"end":{"line":87,"column":2}},"2":{"start":{"line":28,"column":4},"end":{"line":28,"column":31}},"3":{"start":{"line":29,"column":4},"end":{"line":29,"column":20}},"4":{"start":{"line":30,"column":4},"end":{"line":57,"column":9}},"5":{"start":{"line":32,"column":8},"end":{"line":32,"column":26}},"6":{"start":{"line":32,"column":16},"end":{"line":32,"column":26}},"7":{"start":{"line":33,"column":8},"end":{"line":33,"column":40}},"8":{"start":{"line":33,"column":19},"end":{"line":33,"column":40}},"9":{"start":{"line":35,"column":8},"end":{"line":39,"column":10}},"10":{"start":{"line":41,"column":8},"end":{"line":56,"column":13}},"11":{"start":{"line":43,"column":12},"end":{"line":43,"column":48}},"12":{"start":{"line":43,"column":20},"end":{"line":43,"column":48}},"13":{"start":{"line":44,"column":12},"end":{"line":53,"column":13}},"14":{"start":{"line":45,"column":14},"end":{"line":52,"column":17}},"15":{"start":{"line":46,"column":16},"end":{"line":51,"column":31}},"16":{"start":{"line":55,"column":12},"end":{"line":55,"column":40}},"17":{"start":{"line":60,"column":4},"end":{"line":60,"column":29}},"18":{"start":{"line":61,"column":4},"end":{"line":61,"column":36}},"19":{"start":{"line":62,"column":4},"end":{"line":62,"column":18}},"20":{"start":{"line":65,"column":4},"end":{"line":65,"column":29}},"21":{"start":{"line":66,"column":4},"end":{"line":66,"column":38}},"22":{"start":{"line":67,"column":4},"end":{"line":67,"column":18}},"23":{"start":{"line":70,"column":4},"end":{"line":75,"column":9}},"24":{"start":{"line":73,"column":8},"end":{"line":73,"column":26}},"25":{"start":{"line":73,"column":16},"end":{"line":73,"column":26}},"26":{"start":{"line":74,"column":8},"end":{"line":74,"column":25}},"27":{"start":{"line":78,"column":4},"end":{"line":78,"column":29}},"28":{"start":{"line":79,"column":4},"end":{"line":85,"column":9}},"29":{"start":{"line":82,"column":8},"end":{"line":82,"column":26}},"30":{"start":{"line":82,"column":16},"end":{"line":82,"column":26}},"31":{"start":{"line":83,"column":8},"end":{"line":83,"column":42}},"32":{"start":{"line":83,"column":21},"end":{"line":83,"column":42}},"33":{"start":{"line":84,"column":8},"end":{"line":84,"column":25}}},"branchMap":{"1":{"line":32,"type":"if","locations":[{"start":{"line":32,"column":8},"end":{"line":32,"column":8}},{"start":{"line":32,"column":8},"end":{"line":32,"column":8}}]},"2":{"line":33,"type":"if","locations":[{"start":{"line":33,"column":8},"end":{"line":33,"column":8}},{"start":{"line":33,"column":8},"end":{"line":33,"column":8}}]},"3":{"line":43,"type":"if","locations":[{"start":{"line":43,"column":12},"end":{"line":43,"column":12}},{"start":{"line":43,"column":12},"end":{"line":43,"column":12}}]},"4":{"line":44,"type":"if","locations":[{"start":{"line":44,"column":12},"end":{"line":44,"column":12}},{"start":{"line":44,"column":12},"end":{"line":44,"column":12}}]},"5":{"line":73,"type":"if","locations":[{"start":{"line":73,"column":8},"end":{"line":73,"column":8}},{"start":{"line":73,"column":8},"end":{"line":73,"column":8}}]},"6":{"line":82,"type":"if","locations":[{"start":{"line":82,"column":8},"end":{"line":82,"column":8}},{"start":{"line":82,"column":8},"end":{"line":82,"column":8}}]},"7":{"line":83,"type":"if","locations":[{"start":{"line":83,"column":8},"end":{"line":83,"column":8}},{"start":{"line":83,"column":8},"end":{"line":83,"column":8}}]}}},"/Users/andrewshaffer/weo/api/api/controllers/GroupController.js":{"path":"/Users/andrewshaffer/weo/api/api/controllers/GroupController.js","s":{"1":1,"2":1,"3":7,"4":7,"5":7,"6":3,"7":3,"8":4,"9":4,"10":7,"11":1,"12":2,"13":2,"14":2,"15":2,"16":0,"17":2,"18":0,"19":2,"20":9,"21":9,"22":9,"23":9,"24":9,"25":9,"26":0,"27":5,"28":5,"29":5,"30":0,"31":5,"32":1,"33":4,"34":4,"35":0,"36":4,"37":4,"38":0,"39":4,"40":0,"41":0,"42":0,"43":0,"44":0},"b":{"1":[3,4],"2":[0,2],"3":[0,2],"4":[0,5],"5":[1,4],"6":[0,4],"7":[0,4],"8":[0,0]},"f":{"1":7,"2":2,"3":2,"4":9,"5":9,"6":9,"7":9,"8":0,"9":5,"10":5,"11":4,"12":4,"13":0,"14":0},"fnMap":{"1":{"name":"parseId","line":4,"loc":{"start":{"line":4,"column":0},"end":{"line":4,"column":21}}},"2":{"name":"(anonymous_2)","line":53,"loc":{"start":{"line":53,"column":7},"end":{"line":53,"column":26}}},"3":{"name":"(anonymous_3)","line":57,"loc":{"start":{"line":57,"column":12},"end":{"line":57,"column":33}}},"4":{"name":"(anonymous_4)","line":69,"loc":{"start":{"line":69,"column":13},"end":{"line":69,"column":32}}},"5":{"name":"(anonymous_5)","line":74,"loc":{"start":{"line":74,"column":11},"end":{"line":74,"column":22}}},"6":{"name":"(anonymous_6)","line":77,"loc":{"start":{"line":77,"column":11},"end":{"line":77,"column":27}}},"7":{"name":"(anonymous_7)","line":81,"loc":{"start":{"line":81,"column":11},"end":{"line":81,"column":22}}},"8":{"name":"(anonymous_8)","line":84,"loc":{"start":{"line":84,"column":13},"end":{"line":84,"column":27}}},"9":{"name":"(anonymous_9)","line":88,"loc":{"start":{"line":88,"column":13},"end":{"line":88,"column":32}}},"10":{"name":"(anonymous_10)","line":94,"loc":{"start":{"line":94,"column":42},"end":{"line":94,"column":63}}},"11":{"name":"(anonymous_11)","line":101,"loc":{"start":{"line":101,"column":40},"end":{"line":101,"column":60}}},"12":{"name":"(anonymous_12)","line":103,"loc":{"start":{"line":103,"column":75},"end":{"line":103,"column":89}}},"13":{"name":"(anonymous_13)","line":112,"loc":{"start":{"line":112,"column":20},"end":{"line":112,"column":39}}},"14":{"name":"(anonymous_14)","line":114,"loc":{"start":{"line":114,"column":37},"end":{"line":114,"column":59}}}},"statementMap":{"1":{"start":{"line":1,"column":0},"end":{"line":2,"column":47}},"2":{"start":{"line":4,"column":0},"end":{"line":15,"column":1}},"3":{"start":{"line":5,"column":2},"end":{"line":5,"column":20}},"4":{"start":{"line":6,"column":2},"end":{"line":6,"column":17}},"5":{"start":{"line":7,"column":2},"end":{"line":13,"column":3}},"6":{"start":{"line":8,"column":4},"end":{"line":8,"column":22}},"7":{"start":{"line":9,"column":4},"end":{"line":9,"column":15}},"8":{"start":{"line":11,"column":4},"end":{"line":11,"column":47}},"9":{"start":{"line":12,"column":4},"end":{"line":12,"column":17}},"10":{"start":{"line":14,"column":2},"end":{"line":14,"column":40}},"11":{"start":{"line":33,"column":0},"end":{"line":119,"column":2}},"12":{"start":{"line":54,"column":4},"end":{"line":54,"column":29}},"13":{"start":{"line":55,"column":4},"end":{"line":55,"column":31}},"14":{"start":{"line":56,"column":4},"end":{"line":66,"column":9}},"15":{"start":{"line":58,"column":8},"end":{"line":58,"column":27}},"16":{"start":{"line":58,"column":17},"end":{"line":58,"column":27}},"17":{"start":{"line":59,"column":8},"end":{"line":63,"column":9}},"18":{"start":{"line":60,"column":10},"end":{"line":62,"column":23}},"19":{"start":{"line":65,"column":8},"end":{"line":65,"column":24}},"20":{"start":{"line":70,"column":4},"end":{"line":71,"column":38}},"21":{"start":{"line":73,"column":4},"end":{"line":86,"column":9}},"22":{"start":{"line":75,"column":8},"end":{"line":75,"column":46}},"23":{"start":{"line":78,"column":8},"end":{"line":78,"column":32}},"24":{"start":{"line":79,"column":8},"end":{"line":80,"column":6}},"25":{"start":{"line":82,"column":8},"end":{"line":82,"column":39}},"26":{"start":{"line":85,"column":8},"end":{"line":85,"column":18}},"27":{"start":{"line":90,"column":4},"end":{"line":92,"column":36}},"28":{"start":{"line":94,"column":4},"end":{"line":108,"column":7}},"29":{"start":{"line":95,"column":6},"end":{"line":95,"column":25}},"30":{"start":{"line":95,"column":15},"end":{"line":95,"column":25}},"31":{"start":{"line":96,"column":6},"end":{"line":100,"column":7}},"32":{"start":{"line":97,"column":8},"end":{"line":99,"column":21}},"33":{"start":{"line":101,"column":6},"end":{"line":107,"column":9}},"34":{"start":{"line":102,"column":8},"end":{"line":102,"column":27}},"35":{"start":{"line":102,"column":17},"end":{"line":102,"column":27}},"36":{"start":{"line":103,"column":8},"end":{"line":106,"column":11}},"37":{"start":{"line":104,"column":10},"end":{"line":104,"column":81}},"38":{"start":{"line":104,"column":19},"end":{"line":104,"column":81}},"39":{"start":{"line":105,"column":10},"end":{"line":105,"column":24}},"40":{"start":{"line":113,"column":4},"end":{"line":113,"column":39}},"41":{"start":{"line":114,"column":4},"end":{"line":117,"column":7}},"42":{"start":{"line":115,"column":6},"end":{"line":115,"column":24}},"43":{"start":{"line":115,"column":14},"end":{"line":115,"column":24}},"44":{"start":{"line":116,"column":6},"end":{"line":116,"column":23}}},"branchMap":{"1":{"line":7,"type":"if","locations":[{"start":{"line":7,"column":2},"end":{"line":7,"column":2}},{"start":{"line":7,"column":2},"end":{"line":7,"column":2}}]},"2":{"line":58,"type":"if","locations":[{"start":{"line":58,"column":8},"end":{"line":58,"column":8}},{"start":{"line":58,"column":8},"end":{"line":58,"column":8}}]},"3":{"line":59,"type":"if","locations":[{"start":{"line":59,"column":8},"end":{"line":59,"column":8}},{"start":{"line":59,"column":8},"end":{"line":59,"column":8}}]},"4":{"line":95,"type":"if","locations":[{"start":{"line":95,"column":6},"end":{"line":95,"column":6}},{"start":{"line":95,"column":6},"end":{"line":95,"column":6}}]},"5":{"line":96,"type":"if","locations":[{"start":{"line":96,"column":6},"end":{"line":96,"column":6}},{"start":{"line":96,"column":6},"end":{"line":96,"column":6}}]},"6":{"line":102,"type":"if","locations":[{"start":{"line":102,"column":8},"end":{"line":102,"column":8}},{"start":{"line":102,"column":8},"end":{"line":102,"column":8}}]},"7":{"line":104,"type":"if","locations":[{"start":{"line":104,"column":10},"end":{"line":104,"column":10}},{"start":{"line":104,"column":10},"end":{"line":104,"column":10}}]},"8":{"line":115,"type":"if","locations":[{"start":{"line":115,"column":6},"end":{"line":115,"column":6}},{"start":{"line":115,"column":6},"end":{"line":115,"column":6}}]}}},"/Users/andrewshaffer/weo/api/api/controllers/ObjectiveController.js":{"path":"/Users/andrewshaffer/weo/api/api/controllers/ObjectiveController.js","s":{"1":1},"b":{},"f":{},"fnMap":{},"statementMap":{"1":{"start":{"line":8,"column":0},"end":{"line":17,"column":2}}},"branchMap":{}},"/Users/andrewshaffer/weo/api/api/controllers/QuestionController.js":{"path":"/Users/andrewshaffer/weo/api/api/controllers/QuestionController.js","s":{"1":1,"2":1},"b":{},"f":{},"fnMap":{},"statementMap":{"1":{"start":{"line":8,"column":0},"end":{"line":10,"column":0}},"2":{"start":{"line":10,"column":0},"end":{"line":19,"column":3}}},"branchMap":{}},"/Users/andrewshaffer/weo/api/api/controllers/S3Controller.js":{"path":"/Users/andrewshaffer/weo/api/api/controllers/S3Controller.js","s":{"1":1,"2":1,"3":1,"4":1,"5":1,"6":0,"7":0,"8":0,"9":0,"10":0,"11":0,"12":0,"13":0,"14":0,"15":0,"16":0,"17":0,"18":0,"19":0,"20":0,"21":1,"22":2,"23":2,"24":2,"25":2,"26":2,"27":2,"28":2,"29":0,"30":2,"31":2,"32":2,"33":2,"34":2,"35":1,"36":1,"37":1,"38":0,"39":1,"40":0,"41":1},"b":{"1":[0,0],"2":[0,0],"3":[0,0],"4":[0,0],"5":[0,0],"6":[0,2],"7":[0,1],"8":[0,1]},"f":{"1":0,"2":2,"3":2,"4":1,"5":1},"fnMap":{"1":{"name":"policy","line":13,"loc":{"start":{"line":13,"column":0},"end":{"line":13,"column":22}}},"2":{"name":"(anonymous_2)","line":40,"loc":{"start":{"line":40,"column":10},"end":{"line":40,"column":29}}},"3":{"name":"(anonymous_3)","line":48,"loc":{"start":{"line":48,"column":19},"end":{"line":48,"column":41}}},"4":{"name":"(anonymous_4)","line":76,"loc":{"start":{"line":76,"column":12},"end":{"line":76,"column":31}}},"5":{"name":"(anonymous_5)","line":78,"loc":{"start":{"line":78,"column":36},"end":{"line":78,"column":58}}}},"statementMap":{"1":{"start":{"line":8,"column":0},"end":{"line":8,"column":31}},"2":{"start":{"line":9,"column":0},"end":{"line":9,"column":29}},"3":{"start":{"line":10,"column"
[...]
n":4}},{"start":{"line":9,"column":4},"end":{"line":9,"column":4}}]},"2":{"line":11,"type":"if","locations":[{"start":{"line":11,"column":8},"end":{"line":11,"column":8}},{"start":{"line":11,"column":8},"end":{"line":11,"column":8}}]}}},"/Users/andrewshaffer/weo/api/api/services/databaseError.js":{"path":"/Users/andrewshaffer/weo/api/api/services/databaseError.js","s":{"1":1,"2":1,"3":1,"4":1,"5":1},"b":{},"f":{"1":1},"fnMap":{"1":{"name":"(anonymous_1)","line":3,"loc":{"start":{"line":3,"column":34},"end":{"line":3,"column":52}}}},"statementMap":{"1":{"start":{"line":1,"column":0},"end":{"line":1,"column":27}},"2":{"start":{"line":3,"column":0},"end":{"line":6,"column":2}},"3":{"start":{"line":4,"column":1},"end":{"line":4,"column":18}},"4":{"start":{"line":5,"column":1},"end":{"line":5,"column":24}},"5":{"start":{"line":8,"column":0},"end":{"line":8,"column":31}}},"branchMap":{}},"/Users/andrewshaffer/weo/api/api/services/devMode.js":{"path":"/Users/andrewshaffer/weo/api/api/services/devMode.js","s":{"1":1,"2":2},"b":{},"f":{"1":2},"fnMap":{"1":{"name":"(anonymous_1)","line":1,"loc":{"start":{"line":1,"column":17},"end":{"line":1,"column":28}}}},"statementMap":{"1":{"start":{"line":1,"column":0},"end":{"line":3,"column":2}},"2":{"start":{"line":2,"column":2},"end":{"line":2,"column":52}}},"branchMap":{}},"/Users/andrewshaffer/weo/api/api/services/empty.js":{"path":"/Users/andrewshaffer/weo/api/api/services/empty.js","s":{"1":1},"b":{},"f":{"1":0},"fnMap":{"1":{"name":"(anonymous_1)","line":1,"loc":{"start":{"line":1,"column":17},"end":{"line":1,"column":28}}}},"statementMap":{"1":{"start":{"line":1,"column":0},"end":{"line":3,"column":2}}},"branchMap":{}},"/Users/andrewshaffer/weo/api/api/services/hashids.js":{"path":"/Users/andrewshaffer/weo/api/api/services/hashids.js","s":{"1":1,"2":1,"3":12,"4":0,"5":0,"6":12,"7":12,"8":12,"9":12,"10":0,"11":12,"12":12,"13":12,"14":1},"b":{"1":[0,12],"2":[12,12],"3":[12,0],"4":[0,12],"5":[12,0]},"f":{"1":12,"2":12,"3":12},"fnMap":{"1":{"name":"(anonymous_1)","line":4,"loc":{"start":{"line":4,"column":27},"end":{"line":4,"column":60}}},"2":{"name":"(anonymous_2)","line":13,"loc":{"start":{"line":13,"column":51},"end":{"line":13,"column":69}}},"3":{"name":"(anonymous_3)","line":15,"loc":{"start":{"line":15,"column":35},"end":{"line":15,"column":47}}}},"statementMap":{"1":{"start":{"line":1,"column":0},"end":{"line":2,"column":31}},"2":{"start":{"line":4,"column":0},"end":{"line":20,"column":2}},"3":{"start":{"line":5,"column":2},"end":{"line":8,"column":3}},"4":{"start":{"line":6,"column":4},"end":{"line":6,"column":17}},"5":{"start":{"line":7,"column":4},"end":{"line":7,"column":17}},"6":{"start":{"line":10,"column":2},"end":{"line":10,"column":33}},"7":{"start":{"line":11,"column":2},"end":{"line":11,"column":39}},"8":{"start":{"line":13,"column":2},"end":{"line":19,"column":5}},"9":{"start":{"line":14,"column":4},"end":{"line":14,"column":22}},"10":{"start":{"line":14,"column":12},"end":{"line":14,"column":22}},"11":{"start":{"line":15,"column":4},"end":{"line":17,"column":7}},"12":{"start":{"line":16,"column":6},"end":{"line":16,"column":54}},"13":{"start":{"line":18,"column":4},"end":{"line":18,"column":47}},"14":{"start":{"line":22,"column":0},"end":{"line":22,"column":33}}},"branchMap":{"1":{"line":5,"type":"if","locations":[{"start":{"line":5,"column":2},"end":{"line":5,"column":2}},{"start":{"line":5,"column":2},"end":{"line":5,"column":2}}]},"2":{"line":10,"type":"binary-expr","locations":[{"start":{"line":10,"column":16},"end":{"line":10,"column":27}},{"start":{"line":10,"column":31},"end":{"line":10,"column":32}}]},"3":{"line":11,"type":"binary-expr","locations":[{"start":{"line":11,"column":19},"end":{"line":11,"column":33}},{"start":{"line":11,"column":37},"end":{"line":11,"column":38}}]},"4":{"line":14,"type":"if","locations":[{"start":{"line":14,"column":4},"end":{"line":14,"column":4}},{"start":{"line":14,"column":4},"end":{"line":14,"column":4}}]},"5":{"line":18,"type":"cond-expr","locations":[{"start":{"line":18,"column":33},"end":{"line":18,"column":39}},{"start":{"line":18,"column":42},"end":{"line":18,"column":45}}]}}},"/Users/andrewshaffer/weo/api/api/services/redis.js":{"path":"/Users/andrewshaffer/weo/api/api/services/redis.js","s":{"1":1,"2":1,"3":0,"4":0,"5":0,"6":1,"7":1},"b":{"1":[0,1]},"f":{},"fnMap":{},"statementMap":{"1":{"start":{"line":1,"column":0},"end":{"line":2,"column":11}},"2":{"start":{"line":4,"column":0},"end":{"line":11,"column":32}},"3":{"start":{"line":5,"column":2},"end":{"line":6,"column":37}},"4":{"start":{"line":8,"column":2},"end":{"line":8,"column":60}},"5":{"start":{"line":9,"column":2},"end":{"line":9,"column":24}},"6":{"start":{"line":11,"column":2},"end":{"line":11,"column":32}},"7":{"start":{"line":13,"column":0},"end":{"line":13,"column":24}}},"branchMap":{"1":{"line":4,"type":"if","locations":[{"start":{"line":4,"column":0},"end":{"line":4,"column":0}},{"start":{"line":4,"column":0},"end":{"line":4,"column":0}}]}}},"/Users/andrewshaffer/weo/api/api/services/parseParams.js":{"path":"/Users/andrewshaffer/weo/api/api/services/parseParams.js","s":{"1":1,"2":1,"3":3,"4":3,"5":0,"6":3,"7":3,"8":3,"9":3,"10":5,"11":5,"12":3,"13":3,"14":3},"b":{"1":[0,3],"2":[3,0],"3":[5,0],"4":[5,5,5,5,5,0,5,5],"5":[3,3],"6":[3,3,3],"7":[3,3,3],"8":[3,0]},"f":{"1":3,"2":5},"fnMap":{"1":{"name":"(anonymous_1)","line":3,"loc":{"start":{"line":3,"column":17},"end":{"line":3,"column":40}}},"2":{"name":"(anonymous_2)","line":19,"loc":{"start":{"line":19,"column":28},"end":{"line":19,"column":50}}}},"statementMap":{"1":{"start":{"line":1,"column":0},"end":{"line":1,"column":26}},"2":{"start":{"line":3,"column":0},"end":{"line":51,"column":0}},"3":{"start":{"line":4,"column":1},"end":{"line":4,"column":32}},"4":{"start":{"line":7,"column":1},"end":{"line":9,"column":2}},"5":{"start":{"line":8,"column":2},"end":{"line":8,"column":32}},"6":{"start":{"line":12,"column":1},"end":{"line":12,"column":12}},"7":{"start":{"line":13,"column":1},"end":{"line":39,"column":2}},"8":{"start":{"line":16,"column":2},"end":{"line":16,"column":28}},"9":{"start":{"line":19,"column":2},"end":{"line":35,"column":5}},"10":{"start":{"line":23,"column":3},"end":{"line":23,"column":79}},"11":{"start":{"line":26,"column":3},"end":{"line":35,"column":2}},"12":{"start":{"line":38,"column":2},"end":{"line":38,"column":17}},"13":{"start":{"line":42,"column":1},"end":{"line":47,"column":3}},"14":{"start":{"line":49,"column":1},"end":{"line":49,"column":16}}},"branchMap":{"1":{"line":7,"type":"if","locations":[{"start":{"line":7,"column":1},"end":{"line":7,"column":1}},{"start":{"line":7,"column":1},"end":{"line":7,"column":1}}]},"2":{"line":13,"type":"if","locations":[{"start":{"line":13,"column":1},"end":{"line":13,"column":1}},{"start":{"line":13,"column":1},"end":{"line":13,"column":1}}]},"3":{"line":23,"type":"binary-expr","locations":[{"start":{"line":23,"column":29},"end":{"line":23,"column":42}},{"start":{"line":23,"column":46},"end":{"line":23,"column":76}}]},"4":{"line":26,"type":"binary-expr","locations":[{"start":{"line":26,"column":10},"end":{"line":26,"column":30}},{"start":{"line":29,"column":4},"end":{"line":29,"column":19}},{"start":{"line":29,"column":23},"end":{"line":29,"column":37}},{"start":{"line":29,"column":41},"end":{"line":29,"column":55}},{"start":{"line":32,"column":5},"end":{"line":32,"column":23}},{"start":{"line":32,"column":27},"end":{"line":32,"column":42}},{"start":{"line":34,"column":5},"end":{"line":34,"column":12}},{"start":{"line":34,"column":16},"end":{"line":34,"column":41}}]},"5":{"line":43,"type":"binary-expr","locations":[{"start":{"line":43,"column":9},"end":{"line":43,"column":27}},{"start":{"line":43,"column":31},"end":{"line":43,"column":40}}]},"6":{"line":44,"type":"binary-expr","locations":[{"start":{"line":44,"column":8},"end":{"line":44,"column":25}},{"start":{"line":44,"column":29},"end":{"line":44,"column":48}},{"start":{"line":44,"column":52},"end":{"line":44,"column":61}}]},"7":{"line":45,"type":"binary-expr","locations":[{"start":{"line":45,"column":8},"end":{"line":45,"column":25}},{"start":{"line":45,"column":29},"end":{"line":45,"column":47}},{"start":{"line":45,"column":51},"end":{"line":45,"column":60}}]},"8":{"line":46,"type":"binary-expr","locations":[{"start":{"line":46,"column":9},"end":{"line":46,"column":14}},{"start":{"line":46,"column":18},"end":{"line":46,"column":27}}]}}},"/Users/andrewshaffer/weo/api/api/services/s3access.js":{"path":"/Users/andrewshaffer/weo/api/api/services/s3access.js","s":{"1":1,"2":2,"3":2},"b":{"1":[2,0]},"f":{"1":2},"fnMap":{"1":{"name":"(anonymous_1)","line":3,"loc":{"start":{"line":3,"column":18},"end":{"line":3,"column":29}}}},"statementMap":{"1":{"start":{"line":3,"column":0},"end":{"line":11,"column":0}},"2":{"start":{"line":4,"column":1},"end":{"line":4,"column":50}},"3":{"start":{"line":5,"column":1},"end":{"line":9,"column":3}}},"branchMap":{"1":{"line":4,"type":"cond-expr","locations":[{"start":{"line":4,"column":26},"end":{"line":4,"column":38}},{"start":{"line":4,"column":41},"end":{"line":4,"column":49}}]}}},"/Users/andrewshaffer/weo/api/api/services/typeCastDate.js":{"path":"/Users/andrewshaffer/weo/api/api/services/typeCastDate.js","s":{"1":1,"2":1,"3":1,"4":1,"5":1,"6":1200,"7":1,"8":19,"9":0,"10":19,"11":1,"12":1,"13":1,"14":127,"15":127,"16":630,"17":1,"18":630,"19":60,"20":570,"21":570,"22":345,"23":345,"24":19,"25":19,"26":16,"27":16,"28":15,"29":15,"30":3,"31":3,"32":68,"33":68,"34":127,"35":1,"36":345,"37":1,"38":19,"39":19,"40":0,"41":19,"42":19,"43":0,"44":19,"45":1,"46":16,"47":16,"48":16,"49":0,"50":16,"51":1,"52":3,"53":3,"54":0,"55":0,"56":0,"57":0,"58":0,"59":3,"60":3,"61":0,"62":3,"63":0,"64":3,"65":0,"66":3,"67":3,"68":0,"69":1,"70":15,"71":15,"72":0,"73":15,"74":1,"75":68,"76":68,"77":0},"b":{"1":[0,19],"2":[0,19],"3":[1,629],"4":[60,570],"5":[630,571,570],"6":[345,345,19,16,0,0,15,3,68],"7":[345,0],"8":[0,19],"9":[0,3],"10":[0,0],"11":[0,0],"12":[0,3],"13":[0,3],"14":[3,0],"15":[3,2],"16":[0,15],"17":[68,0]},"f":{"1":1200,"2":19,"3":127,"4":630,"5":345,"6":19,"7":16,"8":3,"9":15,"10":68},"fnMap":{"1":{"name":"(anonymous_1)","line":28,"loc":{"start":{"line":28,"column":30},"end":{"line":28,"column":50}}},"2":{"name":"matchMongoId","line":41,"loc":{"start":{"line":41,"column":21},"end":{"line":41,"column":47}}},"3":{"name":"(anonymous_3)","line":59,"loc":{"start":{"line":59,"column":21},"end":{"line":59,"column":38}}},"4":{"name":"(anonymous_4)","line":62,"loc":{"start":{"line":62,"column":30},"end":{"line":62,"column":44}}},"5":{"name":"string","line":115,"loc":{"start":{"line":115,"column":24},"end":{"line":115,"column":45}}},"6":{"name":"integer","line":128,"loc":{"start":{"line":128,"column":25},"end":{"line":128,"column":54}}},"7":{"name":"float","line":154,"loc":{"start":{"line":154,"column":23},"end":{"line":154,"column":45}}},"8":{"name":"boolean","line":174,"loc":{"start":{"line":174,"column":25},"end":{"line":174,"column":49}}},"9":{"name":"date","line":206,"loc":{"start":{"line":206,"column":22},"end":{"line":206,"column":43}}},"10":{"name":"array","line":220,"loc":{"start":{"line":220,"column":23},"end":{"line":220,"column":45}}}},"statementMap":{"1":{"start":{"line":5,"column":0},"end":{"line":5,"column":80}},"2":{"start":{"line":7,"column":0},"end":{"line":9,"column":26}},"3":{"start":{"line":16,"column":0},"end":{"line":16,"column":18}},"4":{"start":{"line":27,"column":0},"end":{"line":27,"column":42}},"5":{"start":{"line":28,"column":0},"end":{"line":30,"column":2}},"6":{"start":{"line":29,"column":2},"end":{"line":29,"column":29}},"7":{"start":{"line":41,"column":0},"end":{"line":44,"column":2}},"8":{"start":{"line":42,"column":2},"end":{"line":42,"column":54}},"9":{"start":{"line":42,"column":41},"end":{"line":42,"column":54}},"10":{"start":{"line":43,"column":2},"end":{"line":43,"column":65}},"11":{"start":{"line":46,"column":0},"end":{"line":46,"column":49}},"12":{"start":{"line":48,"column":0},"end":{"line":48,"column":52}},"13":{"start":{"line":59,"column":0},"end":{"line":105,"column":2}},"14":{"start":{"line":60,"column":2},"end":{"line":60,"column":18}},"15":{"start":{"line":62,"column":2},"end":{"line":102,"column":5}},"16":{"start":{"line":65,"column":4},"end":{"line":65,"column":54}},"17":{"start":{"line":65,"column":35},"end":{"line":65,"column":54}},"18":{"start":{"line":66,"column":4},"end":{"line":68,"column":5}},"19":{"start":{"line":67,"column":6},"end":{"line":67,"column":13}},"20":{"start":{"line":71,"column":4},"end":{"line":71,"column":32}},"21":{"start":{"line":74,"column":4},"end":{"line":101,"column":5}},"22":{"start":{"line":77,"column":8},"end":{"line":77,"column":47}},"23":{"start":{"line":78,"column":8},"end":{"line":78,"column":14}},"24":{"start":{"line":81,"column":8},"end":{"line":81,"column":53}},"25":{"start":{"line":82,"column":8},"end":{"line":82,"column":14}},"26":{"start":{"line":85,"column":8},"end":{"line":85,"column":46}},"27":{"start":{"line":86,"column":8},"end":{"line":86,"column":14}},"28":{"start":{"line":91,"column":8},"end":{"line":91,"column":45}},"29":{"start":{"line":92,"column":8},"end":{"line":92,"column":14}},"30":{"start":{"line":95,"column":8},"end":{"line":95,"column":48}},"31":{"start":{"line":96,"column":8},"end":{"line":96,"column":14}},"32":{"start":{"line":99,"column":8},"end":{"line":99,"column":46}},"33":{"start":{"line":100,"column":8},"end":{"line":100,"column":14}},"34":{"start":{"line":104,"column":2},"end":{"line":104,"column":16}},"35":{"start":{"line":115,"column":0},"end":{"line":117,"column":2}},"36":{"start":{"line":116,"column":2},"end":{"line":116,"column":73}},"37":{"start":{"line":128,"column":0},"end":{"line":144,"column":2}},"38":{"start":{"line":129,"column":2},"end":{"line":129,"column":13}},"39":{"start":{"line":134,"column":2},"end":{"line":134,"column":56}},"40":{"start":{"line":134,"column":32},"end":{"line":134,"column":56}},"41":{"start":{"line":137,"column":2},"end":{"line":141,"column":3}},"42":{"start":{"line":138,"column":4},"end":{"line":138,"column":33}},"43":{"start":{"line":140,"column":4},"end":{"line":140,"column":17}},"44":{"start":{"line":143,"column":2},"end":{"line":143,"column":16}},"45":{"start":{"line":154,"column":0},"end":{"line":164,"column":2}},"46":{"start":{"line":155,"column":2},"end":{"line":155,"column":13}},"47":{"start":{"line":157,"column":2},"end":{"line":161,"column":3}},"48":{"start":{"line":158,"column":4},"end":{"line":158,"column":31}},"49":{"start":{"line":160,"column":4},"end":{"line":160,"column":17}},"50":{"start":{"line":163,"column":2},"end":{"line":163,"column":16}},"51":{"start":{"line":174,"column":0},"end":{"line":196,"column":2}},"52":{"start":{"line":175,"column":2},"end":{"line":175,"column":13}},"53":{"start":{"line":177,"column":2},"end":{"line":181,"column":3}},"54":{"start":{"line":178,"column":4},"end":{"line":178,"column":37}},"55":{"start":{"line":178,"column":25},"end":{"line":178,"column":37}},"56":{"start":{"line":179,"column":4},"end":{"line":179,"column":39}},"57":{"start":{"line":179,"column":26},"end":{"line":179,"column":39}},"58":{"start":{"line":180,"column":4},"end":{"line":180,"column":17}},"59":{"start":{"line":184,"column":2},"end":{"line":188,"column":3}},"60":{"start":{"line":185,"column":4},"end":{"line":185,"column":33}},"61":{"start":{"line":187,"column":4},"end":{"line":187,"column":17}},"62":{"start":{"line":190,"column":2},"end":{"line":190,"column":32}},"63":{"start":{"line":190,"column":19},"end":{"line":190,"column":32}},"64":{"start":{"line":191,"column":2},"end":{"line":191,"column":31}},"65":{"start":{"line":191,"column":19},"end":{"line":191,"column":31}},"66":{"start":{"line":193,"column":2},"end":{"line":193,"column":53}},"67":{"start":{"line":193,"column":40},"end":{"line":193,"column":53}},"68":{"start":{"line":195,"column":2},"end":{"line":195,"column":15}},"69":{"start":{"line":206,"column":0},"end":{"line":210,"column":2}},"70":{"start":{"line":207,"column":2},"end":{"line":207,"column":43}},"71":{"start":{"line":208,"column":2},"end":{"line":208,"column":56}},"72":{"start":{"line":208,"column":43},"end":{"line":208,"column":56}},"73":{"start":{"line":209,"column":2},"end":{"line":209,"column":16}},"74":{"start":{"line":220,"column":0},"end":{"line":223,"column":2}},"75":{"start":{"line":221,"column":2},"end":{"line":221,"column":40}},"76":{"start":{"line":221,"column":27},"end":{"line":221,"column":40}},"77":{"start":{"line":222,"column":2},"end":{"line":222,"column":17}}},"branchMap":{"1":{"line":42,"type":"if","locations":[{"start":{"line":42,"column":2},"end":{"line":42,"column":2}},{"start":{"line":42,"column":2},"end":{"line":42,"column":2}}]},"2":{"line":43,"type":"cond-expr","locations":[{"start":{"line":43,"column":52},"end":{"line":43,"column":56}},{"start":{"line":43,"column":59},"end":{"line":43,"column":64}}]},"3":{"line":65,"type":"if","locations":[{"start":{"line":65,"column":4},"end":{"line":65,"column":4}},{"start":{"line":65,"column":4},"end":{"line":65,"column":4}}]},"4":{"line":66,"type":"if","locations":[{"start":{"line":66,"column":4},"end":{"line":66,"column":4}},{"start":{"line":66,"column":4},"end":{"line":66,"column":4}}]},"5":{"line":66,"type":"binary-expr","locations":[{"start":{"line":66,"column":7},"end":{"line":66,"column":40}},{"start":{"line":66,"column":44},"end":{"line":66,"column":64}},{"start":{"line":66,"column":68},"end":{"line":66,"column":96}}]},"6":{"line":74,"type":"switch","locations":[{"start":{"line":75,"column":6},"end":{"line":75,"column":20}},{"start":{"line":76,"column":6},"end":{"line":78,"column":14}},{"start":{"line":80,"column":6},"end":{"line":82,"column":14}},{"start":{"line":84,"column":6},"end":{"line":86,"column":14}},{"start":{"line":88,"column":6},"end":{"line":88,"column":18}},{"start":{"line":89,"column":6},"end":{"line":89,"column":18}},{"start":{"line":90,"column":6},"end":{"line":92,"column":14}},{"start":{"line":94,"column":6},"end":{"line":96,"column":14}},{"start":{"line":98,"column":6},"end":{"line":100,"column":14}}]},"7":{"line":116,"type":"cond-expr","locations":[{"start":{"line":116,"column":47},"end":{"line":116,"column":61}},{"start":{"line":116,"column":64},"end":{"line":116,"column":72}}]},"8":{"line":134,"type":"if","locations":[{"start":{"line":134,"column":2},"end":{"line":134,"column":2}},{"start":{"line":134,"column":2},"end":{"line":134,"column":2}}]},"9":{"line":177,"type":"if","locations":[{"start":{"line":177,"column":2},"end":{"line":177,"column":2}},{"start":{"line":177,"column":2},"end":{"line":177,"column":2}}]},"10":{"line":178,"type":"if","locations":[{"start":{"line":178,"column":4},"end":{"line":178,"column":4}},{"start":{"line":178,"column":4},"end":{"line":178,"column":4}}]},"11":{"line":179,"type":"if","locations":[{"start":{"line":179,"column":4},"end":{"line":179,"column":4}},{"start":{"line":179,"column":4},"end":{"line":179,"column":4}}]},"12":{"line":190,"type":"if","locations":[{"start":{"line":190,"column":2},"end":{"line":190,"column":2}},{"start":{"line":190,"column":2},"end":{"line":190,"column":2}}]},"13":{"line":191,"type":"if","locations":[{"start":{"line":191,"column":2},"end":{"line":191,"column":2}},{"start":{"line":191,"column":2},"end":{"line":191,"column":2}}]},"14":{"line":193,"type":"if","locations":[{"start":{"line":193,"column":2},"end":{"line":193,"column":2}},{"start":{"line":193,"column":2},"end":{"line":193,"column":2}}]},"15":{"line":193,"type":"binary-expr","locations":[{"start":{"line":193,"column":5},"end":{"line":193,"column":19}},{"start":{"line":193,"column":23},"end":{"line":193,"column":38}}]},"16":{"line":208,"type":"if","locations":[{"start":{"line":208,"column":2},"end":{"line":208,"column":2}},{"start":{"line":208,"column":2},"end":{"line":208,"column":2}}]},"17":{"line":221,"type":"if","locations":[{"start":{"line":221,"column":2},"end":{"line":221,"column":2}},{"start":{"line":221,"column":2},"end":{"line":221,"column":2}}]}}}}