TN:
SF:/Users/andrewshaffer/weo/api/config/400.js
FN:23,badRequest
FNF:1
FNH:0
FNDA:0,badRequest
DA:23,1
DA:31,0
DA:33,0
DA:38,0
DA:39,0
DA:44,0
DA:45,0
DA:55,0
DA:58,0
DA:61,0
DA:71,0
LF:11
LH:1
BRDA:38,1,0,0
BRDA:38,1,1,0
BRDA:44,2,0,0
BRDA:44,2,1,0
BRDA:55,3,0,0
BRDA:55,3,1,0
BRF:6
BRH:0
end_of_record
TN:
SF:/Users/andrewshaffer/weo/api/config/403.js
FN:13,badRequest
FN:44,(anonymous_2)
FNF:2
FNH:0
FNDA:0,badRequest
FNDA:0,(anonymous_2)
DA:13,1
DA:21,0
DA:22,0
DA:24,0
DA:29,0
DA:30,0
DA:34,0
DA:35,0
DA:39,0
DA:40,0
DA:41,0
DA:44,0
DA:46,0
DA:49,0
LF:14
LH:1
BRDA:29,1,0,0
BRDA:29,1,1,0
BRDA:34,2,0,0
BRDA:34,2,1,0
BRDA:46,3,0,0
BRDA:46,3,1,0
BRF:6
BRH:0
end_of_record
TN:
SF:/Users/andrewshaffer/weo/api/config/404.js
FN:10,pageNotFound
FN:30,(anonymous_2)
FNF:2
FNH:1
FNDA:2,pageNotFound
FNDA:0,(anonymous_2)
DA:10,1
DA:18,2
DA:19,2
DA:20,2
DA:26,2
DA:29,0
DA:30,0
DA:32,0
DA:35,0
LF:9
LH:5
BRDA:32,1,0,0
BRDA:32,1,1,0
BRF:2
BRH:0
end_of_record
TN:
SF:/Users/andrewshaffer/weo/api/config/500.js
FN:15,serverErrorOccurred
FN:47,parseDupKeyMessage
FN:62,(anonymous_3)
FN:64,(anonymous_4)
FN:70,(anonymous_5)
FNF:5
FNH:5
FNDA:12,serverErrorOccurred
FNDA:1,parseDupKeyMessage
FNDA:1,(anonymous_3)
FNDA:1,(anonymous_4)
FNDA:1,(anonymous_5)
DA:15,1
DA:21,12
DA:25,12
DA:30,12
DA:31,12
DA:35,12
DA:36,11
DA:39,1
DA:42,12
DA:43,12
DA:45,12
DA:47,1
DA:48,1
DA:49,1
DA:50,1
DA:51,1
DA:60,1
DA:61,1
DA:62,1
DA:63,1
DA:64,1
DA:65,1
DA:66,1
DA:70,1
DA:71,1
DA:72,1
DA:79,1
DA:84,1
DA:88,11
DA:89,0
DA:90,0
DA:94,11
DA:95,11
DA:96,11
DA:102,0
DA:103,0
DA:108,0
LF:37
LH:32
BRDA:35,1,0,11
BRDA:35,1,1,1
BRDA:42,2,0,12
BRDA:42,2,1,1
BRDA:45,3,0,1
BRDA:45,3,1,11
BRDA:45,4,0,12
BRDA:45,4,1,1
BRDA:50,5,0,1
BRDA:50,5,1,0
BRDA:50,6,0,1
BRDA:50,6,1,1
BRDA:61,7,0,1
BRDA:61,7,1,0
BRDA:63,8,0,0
BRDA:63,8,1,1
BRDA:65,9,0,0
BRDA:65,9,1,1
BRDA:88,10,0,0
BRDA:88,10,1,11
BRDA:94,11,0,11
BRDA:94,11,1,0
BRDA:102,12,0,0
BRDA:102,12,1,0
BRF:24
BRH:16
end_of_record
TN:
SF:/Users/andrewshaffer/weo/api/config/adapters.js
FN:15,mongoHqParse
FNF:1
FNH:0
FNDA:0,mongoHqParse
DA:15,1
DA:16,0
DA:19,0
DA:29,1
DA:30,1
DA:31,0
DA:33,1
LF:7
LH:4
BRDA:30,1,0,0
BRDA:30,1,1,1
BRDA:44,2,0,1
BRDA:44,2,1,1
BRF:4
BRH:3
end_of_record
TN:
SF:/Users/andrewshaffer/weo/api/config/bootstrap.js
FN:18,(anonymous_1)
FN:22,(anonymous_2)
FN:26,(anonymous_3)
FN:30,(anonymous_4)
FN:37,(anonymous_5)
FN:45,(anonymous_6)
FN:50,(anonymous_7)
FNF:7
FNH:5
FNDA:1,(anonymous_1)
FNDA:1016,(anonymous_2)
FNDA:0,(anonymous_3)
FNDA:0,(anonymous_4)
FNDA:1016,(anonymous_5)
FNDA:1016,(anonymous_6)
FNDA:1016,(anonymous_7)
DA:14,1
DA:18,1
DA:19,1
DA:20,1
DA:22,1
DA:23,1016
DA:24,0
DA:25,0
DA:26,0
DA:27,0
DA:28,0
DA:30,0
DA:31,0
DA:32,0
DA:37,1
DA:38,1016
DA:39,1016
DA:40,0
DA:44,1
DA:45,1
DA:46,1016
DA:47,1016
DA:48,6096
DA:50,1016
DA:53,1
DA:56,1
LF:26
LH:17
BRDA:23,1,0,0
BRDA:23,1,1,1016
BRDA:27,2,0,0
BRDA:27,2,1,0
BRDA:31,3,0,0
BRDA:31,3,1,0
BRDA:38,4,0,1016
BRDA:38,4,1,1016
BRDA:38,4,2,0
BRDA:39,5,0,0
BRDA:39,5,1,1016
BRDA:39,6,0,1016
BRDA:39,6,1,780
BRF:13
BRH:6
end_of_record
TN:
SF:/Users/andrewshaffer/weo/api/config/controllers.js
FNF:0
FNH:0
DA:20,1
LF:1
LH:1
BRF:0
BRH:0
end_of_record
TN:
SF:/Users/andrewshaffer/weo/api/config/cors.js
FNF:0
FNH:0
DA:25,1
LF:1
LH:1
BRF:0
BRH:0
end_of_record
TN:
SF:/Users/andrewshaffer/weo/api/config/csrf.js
FNF:0
FNH:0
DA:40,1
LF:1
LH:1
BRF:0
BRH:0
end_of_record
TN:
SF:/Users/andrewshaffer/weo/api/config/express.js
FN:5,(anonymous_1)
FN:6,(anonymous_2)
FNF:2
FNH:2
FNDA:1,(anonymous_1)
FNDA:123,(anonymous_2)
DA:1,1
DA:4,1
DA:6,1
DA:7,123
DA:8,0
DA:10,123
DA:13,1
DA:14,1
LF:8
LH:7
BRDA:7,1,0,0
BRDA:7,1,1,123
BRDA:7,2,0,123
BRDA:7,2,1,94
BRF:4
BRH:3
end_of_record
TN:
SF:/Users/andrewshaffer/weo/api/config/hash.js
FNF:0
FNH:0
DA:6,1
LF:1
LH:1
BRF:0
BRH:0
end_of_record
TN:
SF:/Users/andrewshaffer/weo/api/config/i18n.js
FNF:0
FNH:0
DA:12,1
LF:1
LH:1
BRF:0
BRH:0
end_of_record
TN:
SF:/Users/andrewshaffer/weo/api/config/local.js
FNF:0
FNH:0
DA:24,1
LF:1
LH:1
BRDA:38,1,0,1
BRDA:38,1,1,0
BRDA:53,2,0,1
BRDA:53,2,1,1
BRF:4
BRH:3
end_of_record
TN:
SF:/Users/andrewshaffer/weo/api/config/log.js
FNF:0
FNH:0
DA:12,1
LF:1
LH:1
BRF:0
BRH:0
end_of_record
TN:
SF:/Users/andrewshaffer/weo/api/config/passport.js
FN:5,(anonymous_1)
FN:6,(anonymous_2)
FNF:2
FNH:2
FNDA:29,(anonymous_1)
FNDA:29,(anonymous_2)
DA:1,1
DA:4,1
DA:6,29
DA:7,29
DA:8,29
LF:5
LH:5
BRDA:7,1,0,0
BRDA:7,1,1,29
BRF:2
BRH:1
end_of_record
TN:
SF:/Users/andrewshaffer/weo/api/config/paths.js
FNF:0
FNH:0
DA:1,1
DA:2,1
LF:2
LH:2
BRF:0
BRH:0
end_of_record
TN:
SF:/Users/andrewshaffer/weo/api/config/policies.js
FNF:0
FNH:0
DA:13,1
DA:14,1
LF:2
LH:2
BRF:0
BRH:0
end_of_record
TN:
SF:/Users/andrewshaffer/weo/api/api/policies/belongsToGroup.js
FN:3,(anonymous_1)
FN:4,(anonymous_2)
FN:6,(anonymous_3)
FNF:3
FNH:3
FNDA:1,(anonymous_1)
FNDA:2,(anonymous_2)
FNDA:2,(anonymous_3)
DA:1,1
DA:3,1
DA:4,1
DA:5,2
DA:7,2
DA:9,2
DA:12,2
DA:13,2
DA:14,2
DA:17,2
DA:19,2
DA:21,0
LF:12
LH:11
BRDA:7,1,0,0
BRDA:7,1,1,2
BRDA:10,2,0,2
BRDA:10,2,1,0
BRDA:12,3,0,2
BRDA:12,3,1,0
BRDA:17,4,0,2
BRDA:17,4,1,0
BRF:8
BRH:4
end_of_record
TN:
SF:/Users/andrewshaffer/weo/api/config/routes.js
FNF:0
FNH:0
DA:29,1
LF:1
LH:1
BRF:0
BRH:0
end_of_record
TN:
SF:/Users/andrewshaffer/weo/api/config/session.js
FNF:0
FNH:0
DA:13,1
LF:1
LH:1
BRF:0
BRH:0
end_of_record
TN:
SF:/Users/andrewshaffer/weo/api/config/sockets.js
FN:17,(anonymous_1)
FN:25,(anonymous_2)
FNF:2
FNH:0
FNDA:0,(anonymous_1)
FNDA:0,(anonymous_2)
DA:11,1
LF:1
LH:1
BRF:0
BRH:0
end_of_record
TN:
SF:/Users/andrewshaffer/weo/api/config/views.js
FNF:0
FNH:0
DA:12,1
LF:1
LH:1
BRF:0
BRH:0
end_of_record
TN:
SF:/Users/andrewshaffer/weo/api/api/models/Answer.js
FNF:0
FNH:0
DA:9,1
DA:12,1
LF:2
LH:2
BRF:0
BRH:0
end_of_record
TN:
SF:/Users/andrewshaffer/weo/api/lib/mergeModels.js
FN:3,(anonymous_1)
FN:6,(anonymous_2)
FNF:2
FNH:2
FNDA:10,(anonymous_1)
FNDA:281,(anonymous_2)
DA:1,1
DA:3,1
DA:4,10
DA:5,10
DA:6,10
DA:7,281
DA:12,10
LF:7
LH:7
BRDA:7,1,0,5
BRDA:7,1,1,276
BRF:2
BRH:2
end_of_record
TN:
SF:/Users/andrewshaffer/weo/api/api/models/Post.js
FNF:0
FNH:0
DA:9,1
LF:1
LH:1
BRF:0
BRH:0
end_of_record
TN:
SF:/Users/andrewshaffer/weo/api/api/models/Assignment.js
FN:5,studentInit
FN:9,(anonymous_2)
FN:78,(anonymous_3)
FN:82,(anonymous_4)
FN:84,(anonymous_5)
FN:90,(anonymous_6)
FN:96,(anonymous_7)
FN:98,(anonymous_8)
FN:103,(anonymous_9)
FN:106,(anonymous_10)
FN:111,(anonymous_11)
FN:120,(anonymous_12)
FN:122,(anonymous_13)
FN:125,(anonymous_14)
FN:126,(anonymous_15)
FN:134,(anonymous_16)
FN:139,(anonymous_17)
FNF:17
FNH:17
FNDA:4,studentInit
FNDA:4,(anonymous_2)
FNDA:15,(anonymous_3)
FNDA:17,(anonymous_4)
FNDA:17,(anonymous_5)
FNDA:17,(anonymous_6)
FNDA:16,(anonymous_7)
FNDA:1,(anonymous_8)
FNDA:15,(anonymous_9)
FNDA:2,(anonymous_10)
FNDA:12,(anonymous_11)
FNDA:4,(anonymous_12)
FNDA:4,(anonymous_13)
FNDA:4,(anonymous_14)
FNDA:12,(anonymous_15)
FNDA:3,(anonymous_16)
FNDA:3,(anonymous_17)
DA:1,1
DA:5,1
DA:6,4
DA:9,1
DA:10,4
DA:11,3
DA:13,1
DA:25,1
DA:79,15
DA:83,17
DA:85,17
DA:86,2
DA:88,15
DA:91,17
DA:92,16
DA:94,16
DA:97,16
DA:98,16
DA:99,1
DA:101,16
DA:104,15
DA:107,2
DA:112,12
DA:113,2
DA:114,2
DA:115,2
DA:117,12
DA:121,4
DA:123,4
DA:126,4
DA:127,12
DA:129,4
DA:135,3
DA:136,3
DA:137,3
DA:139,3
DA:140,3
LF:37
LH:37
BRDA:10,1,0,3
BRDA:10,1,1,1
BRDA:85,2,0,2
BRDA:85,2,1,15
BRDA:91,3,0,1
BRDA:91,3,1,16
BRDA:112,4,0,2
BRDA:112,4,1,10
BRF:8
BRH:8
end_of_record
TN:
SF:/Users/andrewshaffer/weo/api/lib/modelHook.js
FNF:0
FNH:0
DA:1,1
DA:3,1
LF:2
LH:2
BRF:0
BRH:0
end_of_record
TN:
SF:/Users/andrewshaffer/weo/api/api/models/Auth.js
FN:19,(anonymous_1)
FN:20,(anonymous_2)
FN:25,(anonymous_3)
FN:27,(anonymous_4)
FN:30,(anonymous_5)
FN:34,(anonymous_6)
FN:40,(anonymous_7)
FN:44,(anonymous_8)
FNF:8
FNH:7
FNDA:29,(anonymous_1)
FNDA:29,(anonymous_2)
FNDA:6,(anonymous_3)
FNDA:6,(anonymous_4)
FNDA:6,(anonymous_5)
FNDA:6,(anonymous_6)
FNDA:6,(anonymous_7)
FNDA:0,(anonymous_8)
DA:8,1
DA:11,1
DA:20,29
DA:21,29
DA:22,29
DA:26,6
DA:28,6
DA:31,6
DA:32,6
DA:35,6
DA:36,6
DA:38,0
DA:41,6
DA:42,6
DA:45,0
LF:15
LH:13
BRDA:21,1,0,0
BRDA:21,1,1,29
BRDA:35,2,0,6
BRDA:35,2,1,0
BRF:4
BRH:2
end_of_record
TN:
SF:/Users/andrewshaffer/weo/api/api/models/Comment.js
FNF:0
FNH:0
DA:9,1
DA:12,1
LF:2
LH:2
BRF:0
BRH:0
end_of_record
TN:
SF:/Users/andrewshaffer/weo/api/api/models/Discussion.js
FNF:0
FNH:0
DA:9,1
LF:1
LH:1
BRF:0
BRH:0
end_of_record
TN:
SF:/Users/andrewshaffer/weo/api/api/models/Event.js
FN:43,(anonymous_1)
FN:46,(anonymous_2)
FNF:2
FNH:2
FNDA:2,(anonymous_1)
FNDA:1,(anonymous_2)
DA:8,1
DA:10,1
DA:44,2
DA:47,1
LF:4
LH:4
BRF:0
BRH:0
end_of_record
TN:
SF:/Users/andrewshaffer/weo/api/api/services/subSchema.js
FN:3,(anonymous_1)
FN:5,(anonymous_2)
FNF:2
FNH:2
FNDA:1,(anonymous_1)
FNDA:46,(anonymous_2)
DA:1,1
DA:3,1
DA:4,1
DA:5,1
DA:6,46
LF:5
LH:5
BRF:0
BRH:0
end_of_record
TN:
SF:/Users/andrewshaffer/weo/api/api/models/Group.js
FN:32,(anonymous_1)
FN:35,(anonymous_2)
FNF:2
FNH:2
FNDA:12,(anonymous_1)
FNDA:12,(anonymous_2)
DA:9,1
DA:33,12
DA:34,12
DA:36,12
DA:37,12
DA:38,12
LF:6
LH:6
BRDA:33,1,0,0
BRDA:33,1,1,12
BRDA:36,2,0,0
BRDA:36,2,1,12
BRF:4
BRH:2
end_of_record
TN:
SF:/Users/andrewshaffer/weo/api/api/models/Objective.js
FNF:0
FNH:0
DA:9,1
LF:1
LH:1
BRF:0
BRH:0
end_of_record
TN:
SF:/Users/andrewshaffer/weo/api/api/models/Question.js
FNF:0
FNH:0
DA:9,1
DA:12,1
LF:2
LH:2
BRF:0
BRH:0
end_of_record
TN:
SF:/Users/andrewshaffer/weo/api/api/models/S3.js
FNF:0
FNH:0
DA:9,1
LF:1
LH:1
BRF:0
BRH:0
end_of_record
TN:
SF:/Users/andrewshaffer/weo/api/api/models/Search.js
FNF:0
FNH:0
DA:9,1
LF:1
LH:1
BRF:0
BRH:0
end_of_record
TN:
SF:/Users/andrewshaffer/weo/api/api/models/Skill.js
FN:12,(anonymous_1)
FN:13,(anonymous_2)
FN:35,(anonymous_3)
FN:43,(anonymous_4)
FN:44,(anonymous_5)
FNF:5
FNH:0
FNDA:0,(anonymous_1)
FNDA:0,(anonymous_2)
FNDA:0,(anonymous_3)
FNDA:0,(anonymous_4)
FNDA:0,(anonymous_5)
DA:9,1
DA:12,0
DA:13,0
DA:36,0
DA:44,0
DA:45,0
DA:46,0
DA:47,0
DA:48,0
DA:53,1
DA:54,1
LF:11
LH:3
BRF:0
BRH:0
end_of_record
TN:
SF:/Users/andrewshaffer/weo/api/api/services/virtualize.js
FN:3,(anonymous_1)
FN:4,(anonymous_2)
FN:5,(anonymous_3)
FNF:3
FNH:3
FNDA:4,(anonymous_1)
FNDA:2,(anonymous_2)
FNDA:22,(anonymous_3)
DA:1,1
DA:3,1
DA:4,4
DA:5,2
DA:6,22
DA:7,2
DA:8,2
DA:9,0
DA:12,2
LF:9
LH:8
BRDA:6,1,0,2
BRDA:6,1,1,20
BRDA:6,2,0,22
BRDA:6,2,1,14
BRDA:8,3,0,0
BRDA:8,3,1,2
BRF:6
BRH:5
end_of_record
TN:
SF:/Users/andrewshaffer/weo/api/api/models/Student.js
FN:14,(anonymous_1)
FN:17,(anonymous_2)
FN:41,(anonymous_3)
FN:42,(anonymous_4)
FN:44,(anonymous_5)
FN:47,(anonymous_6)
FNF:6
FNH:2
FNDA:4,(anonymous_1)
FNDA:4,(anonymous_2)
FNDA:0,(anonymous_3)
FNDA:0,(anonymous_4)
FNDA:0,(anonymous_5)
FNDA:0,(anonymous_6)
DA:8,1
DA:12,1
DA:15,4
DA:18,4
DA:42,0
DA:43,0
DA:44,0
DA:45,0
DA:47,0
DA:48,0
DA:49,0
DA:50,0
DA:51,0
DA:53,0
LF:14
LH:4
BRDA:43,1,0,0
BRDA:43,1,1,0
BRF:2
BRH:0
end_of_record
TN:
SF:/Users/andrewshaffer/weo/api/api/models/User.js
FN:50,(anonymous_1)
FN:58,(anonymous_2)
FN:64,(anonymous_3)
FN:68,(anonymous_4)
FN:74,(anonymous_5)
FN:85,(anonymous_6)
FN:86,(anonymous_7)
FNF:7
FNH:5
FNDA:42,(anonymous_1)
FNDA:25,(anonymous_2)
FNDA:24,(anonymous_3)
FNDA:13,(anonymous_4)
FNDA:13,(anonymous_5)
FNDA:0,(anonymous_6)
FNDA:0,(anonymous_7)
DA:1,1
DA:11,1
DA:13,1
DA:51,42
DA:52,0
DA:53,0
DA:54,0
DA:56,42
DA:59,25
DA:60,25
DA:62,25
DA:65,24
DA:66,24
DA:69,13
DA:70,13
DA:71,13
DA:73,13
DA:74,13
DA:75,13
DA:76,13
DA:77,13
DA:78,13
DA:80,0
DA:86,0
DA:87,0
DA:88,0
DA:89,0
DA:91,0
DA:92,0
DA:93,0
LF:30
LH:19
BRDA:51,1,0,0
BRDA:51,1,1,42
BRDA:69,2,0,13
BRDA:69,2,1,0
BRDA:75,3,0,0
BRDA:75,3,1,13
BRDA:76,4,0,13
BRDA:76,4,1,0
BRDA:87,5,0,0
BRDA:87,5,1,0
BRDA:88,6,0,0
BRDA:88,6,1,0
BRDA:92,7,0,0
BRDA:92,7,1,0
BRF:14
BRH:4
end_of_record
TN:
SF:/Users/andrewshaffer/weo/api/api/models/Tag.js
FN:39,(anonymous_1)
FNF:1
FNH:0
FNDA:0,(anonymous_1)
DA:9,1
DA:40,0
DA:41,0
LF:3
LH:1
BRF:0
BRH:0
end_of_record
TN:
SF:/Users/andrewshaffer/weo/api/api/models/Teacher.js
FN:13,(anonymous_1)
FN:14,(anonymous_2)
FN:28,(anonymous_3)
FNF:3
FNH:3
FNDA:1,(anonymous_1)
FNDA:1,(anonymous_2)
FNDA:3,(anonymous_3)
DA:8,1
DA:11,1
DA:13,1
DA:14,1
DA:29,3
DA:40,1
DA:41,1
LF:7
LH:7
BRF:0
BRH:0
end_of_record
TN:
SF:/Users/andrewshaffer/weo/api/api/controllers/AnswerController.js
FNF:0
FNH:0
DA:8,1
DA:10,1
LF:2
LH:2
BRF:0
BRH:0
end_of_record
TN:
SF:/Users/andrewshaffer/weo/api/api/controllers/PostController.js
FN:19,(anonymous_1)
FN:27,(anonymous_2)
FN:42,(anonymous_3)
FN:55,(anonymous_4)
FN:57,(anonymous_5)
FNF:5
FNH:5
FNDA:11,(anonymous_1)
FNDA:11,(anonymous_2)
FNDA:3,(anonymous_3)
FNDA:3,(anonymous_4)
FNDA:3,(anonymous_5)
DA:1,1
DA:12,1
DA:20,11
DA:21,11
DA:22,11
DA:23,11
DA:25,11
DA:27,11
DA:28,11
DA:29,6
DA:30,6
DA:37,6
DA:38,6
DA:43,3
DA:44,3
DA:45,3
DA:46,3
DA:55,3
DA:56,3
DA:57,3
DA:58,3
LF:21
LH:21
BRDA:28,1,0,5
BRDA:28,1,1,6
BRDA:29,2,0,6
BRDA:29,2,1,0
BRDA:47,3,0,3
BRDA:47,3,1,3
BRDA:48,4,0,3
BRDA:48,4,1,3
BRDA:48,4,2,3
BRDA:56,5,0,0
BRDA:56,5,1,3
BRF:11
BRH:9
end_of_record
TN:
SF:/Users/andrewshaffer/weo/api/api/controllers/AssignmentController.js
FN:21,(anonymous_1)
FN:23,(anonymous_2)
FN:41,(anonymous_3)
FN:48,(anonymous_4)
FN:52,(anonymous_5)
FN:57,(anonymous_6)
FN:66,(anonymous_7)
FN:70,(anonymous_8)
FN:75,(anonymous_9)
FN:83,(anonymous_10)
FN:96,findNormalizeResponse
FN:97,(anonymous_12)
FN:108,(anonymous_13)
FNF:13
FNH:11
FNDA:17,(anonymous_1)
FNDA:17,(anonymous_2)
FNDA:1,(anonymous_3)
FNDA:1,(anonymous_4)
FNDA:0,(anonymous_5)
FNDA:3,(anonymous_6)
FNDA:3,(anonymous_7)
FNDA:0,(anonymous_8)
FNDA:1,(anonymous_9)
FNDA:1,(anonymous_10)
FNDA:4,findNormalizeResponse
FNDA:4,(anonymous_12)
FNDA:11,(anonymous_13)
DA:1,1
DA:10,1
DA:22,17
DA:23,17
DA:24,17
DA:25,1
DA:26,1
DA:30,16
DA:31,1
DA:35,15
DA:37,15
DA:42,1
DA:46,1
DA:47,1
DA:49,1
DA:53,0
DA:58,3
DA:62,3
DA:63,3
DA:64,3
DA:65,3
DA:67,3
DA:71,0
DA:76,1
DA:80,1
DA:81,1
DA:82,1
DA:83,1
DA:84,1
DA:85,1
DA:86,0
DA:90,1
DA:96,1
DA:97,4
DA:98,4
DA:99,1
DA:100,1
DA:101,0
DA:105,1
DA:108,11
LF:40
LH:36
BRDA:24,1,0,1
BRDA:24,1,1,16
BRDA:25,2,0,1
BRDA:25,2,1,0
BRDA:25,3,0,1
BRDA:25,3,1,1
BRDA:30,4,0,1
BRDA:30,4,1,15
BRDA:30,5,0,16
BRDA:30,5,1,1
BRDA:35,6,0,0
BRDA:35,6,1,15
BRDA:44,7,0,1
BRDA:44,7,1,1
BRDA:63,8,0,2
BRDA:63,8,1,1
BRDA:64,9,0,1
BRDA:64,9,1,2
BRDA:85,10,0,0
BRDA:85,10,1,1
BRDA:98,11,0,1
BRDA:98,11,1,3
BRDA:100,12,0,0
BRDA:100,12,1,1
BRF:24
BRH:20
end_of_record
TN:
SF:/Users/andrewshaffer/weo/api/api/controllers/AuthController.js
FN:33,(anonymous_1)
FN:38,(anonymous_2)
FN:49,(anonymous_3)
FN:65,(anonymous_4)
FN:69,(anonymous_5)
FN:73,(anonymous_6)
FNF:6
FNH:3
FNDA:8,(anonymous_1)
FNDA:8,(anonymous_2)
FNDA:6,(anonymous_3)
FNDA:0,(anonymous_4)
FNDA:0,(anonymous_5)
FNDA:0,(anonymous_6)
DA:17,1
DA:22,1
DA:34,8
DA:37,8
DA:39,8
DA:40,8
DA:41,1
DA:46,7
DA:47,6
DA:50,6
DA:51,6
DA:59,1
DA:67,0
DA:70,0
DA:71,0
DA:72,0
DA:74,0
DA:75,0
LF:18
LH:12
BRDA:39,1,0,0
BRDA:39,1,1,8
BRDA:40,2,0,1
BRDA:40,2,1,7
BRDA:46,3,0,6
BRDA:46,3,1,1
BRDA:50,4,0,0
BRDA:50,4,1,6
BRDA:70,5,0,0
BRDA:70,5,1,0
BRDA:74,6,0,0
BRDA:74,6,1,0
BRF:12
BRH:6
end_of_record
TN:
SF:/Users/andrewshaffer/weo/api/api/controllers/CommentController.js
FNF:0
FNH:0
DA:8,1
DA:10,1
LF:2
LH:2
BRF:0
BRH:0
end_of_record
TN:
SF:/Users/andrewshaffer/weo/api/api/controllers/DiscussionController.js
FN:33,(anonymous_1)
FN:38,(anonymous_2)
FNF:2
FNH:0
FNDA:0,(anonymous_1)
FNDA:0,(anonymous_2)
DA:18,1
DA:34,0
DA:35,0
DA:39,0
DA:40,0
LF:5
LH:1
BRF:0
BRH:0
end_of_record
TN:
SF:/Users/andrewshaffer/weo/api/api/controllers/EventController.js
FN:27,(anonymous_1)
FN:31,(anonymous_2)
FN:42,(anonymous_3)
FN:45,(anonymous_4)
FN:59,(anonymous_5)
FN:64,(anonymous_6)
FN:69,(anonymous_7)
FN:72,(anonymous_8)
FN:77,(anonymous_9)
FN:81,(anonymous_10)
FNF:10
FNH:8
FNDA:23,(anonymous_1)
FNDA:23,(anonymous_2)
FNDA:23,(anonymous_3)
FNDA:22,(anonymous_4)
FNDA:0,(anonymous_5)
FNDA:0,(anonymous_6)
FNDA:1,(anonymous_7)
FNDA:1,(anonymous_8)
FNDA:2,(anonymous_9)
FNDA:2,(anonymous_10)
DA:17,1
DA:28,23
DA:29,23
DA:30,23
DA:32,23
DA:33,23
DA:35,23
DA:41,23
DA:43,23
DA:44,22
DA:45,22
DA:46,22
DA:55,22
DA:60,0
DA:61,0
DA:62,0
DA:65,0
DA:66,0
DA:67,0
DA:70,1
DA:73,1
DA:74,1
DA:78,2
DA:79,2
DA:82,2
DA:83,2
DA:84,2
LF:27
LH:21
BRDA:32,1,0,0
BRDA:32,1,1,23
BRDA:33,2,0,0
BRDA:33,2,1,23
BRDA:43,3,0,1
BRDA:43,3,1,22
BRDA:44,4,0,22
BRDA:44,4,1,0
BRDA:73,5,0,0
BRDA:73,5,1,1
BRDA:82,6,0,0
BRDA:82,6,1,2
BRDA:83,7,0,0
BRDA:83,7,1,2
BRF:14
BRH:8
end_of_record
TN:
SF:/Users/andrewshaffer/weo/api/api/controllers/GroupController.js
FN:4,parseId
FN:53,(anonymous_2)
FN:57,(anonymous_3)
FN:69,(anonymous_4)
FN:74,(anonymous_5)
FN:77,(anonymous_6)
FN:81,(anonymous_7)
FN:84,(anonymous_8)
FN:88,(anonymous_9)
FN:94,(anonymous_10)
FN:101,(anonymous_11)
FN:103,(anonymous_12)
FN:112,(anonymous_13)
FN:114,(anonymous_14)
FNF:14
FNH:11
FNDA:7,parseId
FNDA:2,(anonymous_2)
FNDA:2,(anonymous_3)
FNDA:9,(anonymous_4)
FNDA:9,(anonymous_5)
FNDA:9,(anonymous_6)
FNDA:9,(anonymous_7)
FNDA:0,(anonymous_8)
FNDA:5,(anonymous_9)
FNDA:5,(anonymous_10)
FNDA:4,(anonymous_11)
FNDA:4,(anonymous_12)
FNDA:0,(anonymous_13)
FNDA:0,(anonymous_14)
DA:1,1
DA:4,1
DA:5,7
DA:6,7
DA:7,7
DA:8,3
DA:9,3
DA:11,4
DA:12,4
DA:14,7
DA:33,1
DA:54,2
DA:55,2
DA:56,2
DA:58,2
DA:59,2
DA:60,0
DA:65,2
DA:70,9
DA:73,9
DA:75,9
DA:78,9
DA:79,9
DA:82,9
DA:85,0
DA:90,5
DA:94,5
DA:95,5
DA:96,5
DA:97,1
DA:101,4
DA:102,4
DA:103,4
DA:104,4
DA:105,4
DA:113,0
DA:114,0
DA:115,0
DA:116,0
LF:39
LH:33
BRDA:7,1,0,3
BRDA:7,1,1,4
BRDA:58,2,0,0
BRDA:58,2,1,2
BRDA:59,3,0,0
BRDA:59,3,1,2
BRDA:95,4,0,0
BRDA:95,4,1,5
BRDA:96,5,0,1
BRDA:96,5,1,4
BRDA:102,6,0,0
BRDA:102,6,1,4
BRDA:104,7,0,0
BRDA:104,7,1,4
BRDA:115,8,0,0
BRDA:115,8,1,0
BRF:16
BRH:9
end_of_record
TN:
SF:/Users/andrewshaffer/weo/api/api/controllers/ObjectiveController.js
FNF:0
FNH:0
DA:8,1
LF:1
LH:1
BRF:0
BRH:0
end_of_record
TN:
SF:/Users/andrewshaffer/weo/api/api/controllers/QuestionController.js
FNF:0
FNH:0
DA:8,1
DA:10,1
LF:2
LH:2
BRF:0
BRH:0
end_of_record
TN:
SF:/Users/andrewshaffer/weo/api/api/controllers/S3Controller.js
FN:13,policy
FN:40,(anonymous_2)
FN:48,(anonymous_3)
FN:76,(anonymous_4)
FN:78,(anonymous_5)
FNF:5
FNH:4
FNDA:0,policy
FNDA:2,(anonymous_2)
FNDA:2,(anonymous_3)
FNDA:1,(anonymous_4)
FNDA:1,(anonymous_5)
DA:8,1
DA:9,1
DA:10,1
DA:11,1
DA:13,1
DA:14,0
DA:15,0
DA:16,0
DA:17,0
DA:19,0
DA:20,0
DA:21,0
DA:23,0
DA:28,0
DA:29,0
DA:30,0
DA:33,1
DA:41,2
DA:43,2
DA:44,2
DA:45,2
DA:46,2
DA:48,2
DA:49,2
DA:50,2
DA:51,2
DA:53,2
DA:63,2
DA:71,2
DA:77,1
DA:78,1
DA:79,1
DA:80,1
DA:81,0
DA:85,1
LF:35
LH:23
BRDA:14,1,0,0
BRDA:14,1,1,0
BRDA:15,2,0,0
BRDA:15,2,1,0
BRDA:16,3,0,0
BRDA:16,3,1,0
BRDA:17,4,0,0
BRDA:17,4,1,0
BRDA:19,5,0,0
BRDA:19,5,1,0
BRDA:49,6,0,0
BRDA:49,6,1,2
BRDA:79,7,0,0
BRDA:79,7,1,1
BRDA:80,8,0,0
BRDA:80,8,1,1
BRF:16
BRH:3
end_of_record
TN:
SF:/Users/andrewshaffer/weo/api/api/controllers/SearchController.js
FN:20,search
FN:21,(anonymous_2)
FN:22,(anonymous_3)
FN:24,(anonymous_4)
FN:30,(anonymous_5)
FN:34,(anonymous_6)
FN:38,(anonymous_7)
FN:41,(anonymous_8)
FNF:8
FNH:0
FNDA:0,search
FNDA:0,(anonymous_2)
FNDA:0,(anonymous_3)
FNDA:0,(anonymous_4)
FNDA:0,(anonymous_5)
FNDA:0,(anonymous_6)
FNDA:0,(anonymous_7)
FNDA:0,(anonymous_8)
DA:17,1
DA:20,1
DA:21,0
DA:22,0
DA:23,0
DA:24,0
DA:25,0
DA:30,0
DA:31,0
DA:34,0
DA:35,0
DA:37,0
DA:39,0
DA:41,0
DA:42,0
DA:50,1
LF:16
LH:3
BRDA:23,1,0,0
BRDA:23,1,1,0
BRDA:25,2,0,0
BRDA:25,2,1,0
BRDA:35,3,0,0
BRDA:35,3,1,0
BRDA:37,4,0,0
BRDA:37,4,1,0
BRDA:39,5,0,0
BRDA:39,5,1,0
BRF:10
BRH:0
end_of_record
TN:
SF:/Users/andrewshaffer/weo/api/api/controllers/SkillController.js
FNF:0
FNH:0
DA:18,1
LF:1
LH:1
BRF:0
BRH:0
end_of_record
TN:
SF:/Users/andrewshaffer/weo/api/api/controllers/StudentController.js
FNF:0
FNH:0
DA:17,1
DA:19,1
LF:2
LH:2
BRF:0
BRH:0
end_of_record
TN:
SF:/Users/andrewshaffer/weo/api/api/controllers/UserController.js
FN:39,(anonymous_1)
FN:40,(anonymous_2)
FN:49,(anonymous_3)
FNF:3
FNH:0
FNDA:0,(anonymous_1)
FNDA:0,(anonymous_2)
FNDA:0,(anonymous_3)
DA:17,1
DA:40,0
DA:41,0
DA:42,0
DA:43,0
DA:48,0
DA:49,0
LF:7
LH:1
BRDA:41,1,0,0
BRDA:41,1,1,0
BRDA:42,2,0,0
BRDA:42,2,1,0
BRDA:42,3,0,0
BRDA:42,3,1,0
BRDA:48,4,0,0
BRDA:48,4,1,0
BRF:8
BRH:0
end_of_record
TN:
SF:/Users/andrewshaffer/weo/api/api/controllers/TagController.js
FNF:0
FNH:0
DA:18,1
LF:1
LH:1
BRF:0
BRH:0
end_of_record
TN:
SF:/Users/andrewshaffer/weo/api/api/controllers/TeacherController.js
FNF:0
FNH:0
DA:17,1
DA:20,1
LF:2
LH:2
BRF:0
BRH:0
end_of_record
TN:
SF:/Users/andrewshaffer/weo/api/api/policies/isAuthenticated.js
FNF:0
FNH:0
DA:11,1
DA:12,1
LF:2
LH:2
BRF:0
BRH:0
end_of_record
TN:
SF:/Users/andrewshaffer/weo/api/api/policies/isTeacher.js
FN:1,(anonymous_1)
FNF:1
FNH:1
FNDA:1,(anonymous_1)
DA:1,1
DA:2,1
DA:3,1
DA:4,0
DA:5,1
LF:5
LH:4
BRDA:2,1,0,0
BRDA:2,1,1,1
BRDA:3,2,0,0
BRDA:3,2,1,1
BRF:4
BRH:2
end_of_record
TN:
SF:/Users/andrewshaffer/weo/api/api/services/browserifyModels.js
FN:4,(anonymous_1)
FNF:1
FNH:1
FNDA:1,(anonymous_1)
DA:1,1
DA:4,1
DA:5,1
LF:3
LH:3
BRF:0
BRH:0
end_of_record
TN:
SF:/Users/andrewshaffer/weo/api/api/services/clientError.js
FNF:0
FNH:0
DA:1,1
LF:1
LH:1
BRF:0
BRH:0
end_of_record
TN:
SF:/Users/andrewshaffer/weo/api/api/services/clientModels.js
FNF:0
FNH:0
DA:1,1
LF:1
LH:1
BRF:0
BRH:0
end_of_record
TN:
SF:/Users/andrewshaffer/weo/api/api/services/controllerRoutes.js
FN:3,parseRoute
FN:7,(anonymous_2)
FN:8,(anonymous_3)
FN:10,(anonymous_4)
FNF:4
FNH:4
FNDA:43,parseRoute
FNDA:1,(anonymous_2)
FNDA:17,(anonymous_3)
FNDA:43,(anonymous_4)
DA:1,1
DA:3,1
DA:4,43
DA:7,1
DA:8,1
DA:9,17
DA:10,14
DA:11,43
DA:12,31
DA:17,12
DA:19,43
DA:23,1
LF:12
LH:12
BRDA:9,1,0,14
BRDA:9,1,1,3
BRDA:11,2,0,31
BRDA:11,2,1,12
BRF:4
BRH:4
end_of_record
TN:
SF:/Users/andrewshaffer/weo/api/api/services/databaseError.js
FN:3,(anonymous_1)
FNF:1
FNH:1
FNDA:1,(anonymous_1)
DA:1,1
DA:3,1
DA:4,1
DA:5,1
DA:8,1
LF:5
LH:5
BRF:0
BRH:0
end_of_record
TN:
SF:/Users/andrewshaffer/weo/api/api/services/devMode.js
FN:1,(anonymous_1)
FNF:1
FNH:1
FNDA:2,(anonymous_1)
DA:1,1
DA:2,2
LF:2
LH:2
BRF:0
BRH:0
end_of_record
TN:
SF:/Users/andrewshaffer/weo/api/api/services/empty.js
FN:1,(anonymous_1)
FNF:1
FNH:0
FNDA:0,(anonymous_1)
DA:1,1
LF:1
LH:1
BRF:0
BRH:0
end_of_record
TN:
SF:/Users/andrewshaffer/weo/api/api/services/hashids.js
FN:4,(anonymous_1)
FN:13,(anonymous_2)
FN:15,(anonymous_3)
FNF:3
FNH:3
FNDA:12,(anonymous_1)
FNDA:12,(anonymous_2)
FNDA:12,(anonymous_3)
DA:1,1
DA:4,1
DA:5,12
DA:6,0
DA:7,0
DA:10,12
DA:11,12
DA:13,12
DA:14,12
DA:15,12
DA:16,12
DA:18,12
DA:22,1
LF:13
LH:11
BRDA:5,1,0,0
BRDA:5,1,1,12
BRDA:10,2,0,12
BRDA:10,2,1,12
BRDA:11,3,0,12
BRDA:11,3,1,0
BRDA:14,4,0,0
BRDA:14,4,1,12
BRDA:18,5,0,12
BRDA:18,5,1,0
BRF:10
BRH:6
end_of_record
TN:
SF:/Users/andrewshaffer/weo/api/api/services/redis.js
FNF:0
FNH:0
DA:1,1
DA:4,1
DA:5,0
DA:8,0
DA:9,0
DA:11,1
DA:13,1
LF:7
LH:4
BRDA:4,1,0,0
BRDA:4,1,1,1
BRF:2
BRH:1
end_of_record
TN:
SF:/Users/andrewshaffer/weo/api/api/services/parseParams.js
FN:3,(anonymous_1)
FN:19,(anonymous_2)
FNF:2
FNH:2
FNDA:3,(anonymous_1)
FNDA:5,(anonymous_2)
DA:1,1
DA:3,1
DA:4,3
DA:7,3
DA:8,0
DA:12,3
DA:13,3
DA:16,3
DA:19,3
DA:23,5
DA:26,5
DA:38,3
DA:42,3
DA:49,3
LF:14
LH:13
BRDA:7,1,0,0
BRDA:7,1,1,3
BRDA:13,2,0,3
BRDA:13,2,1,0
BRDA:23,3,0,5
BRDA:23,3,1,0
BRDA:26,4,0,5
BRDA:26,4,1,5
BRDA:26,4,2,5
BRDA:26,4,3,5
BRDA:26,4,4,5
BRDA:26,4,5,0
BRDA:26,4,6,5
BRDA:26,4,7,5
BRDA:43,5,0,3
BRDA:43,5,1,3
BRDA:44,6,0,3
BRDA:44,6,1,3
BRDA:44,6,2,3
BRDA:45,7,0,3
BRDA:45,7,1,3
BRDA:45,7,2,3
BRDA:46,8,0,3
BRDA:46,8,1,0
BRF:24
BRH:19
end_of_record
TN:
SF:/Users/andrewshaffer/weo/api/api/services/s3access.js
FN:3,(anonymous_1)
FNF:1
FNH:1
FNDA:2,(anonymous_1)
DA:3,1
DA:4,2
DA:5,2
LF:3
LH:3
BRDA:4,1,0,2
BRDA:4,1,1,0
BRF:2
BRH:1
end_of_record
TN:
SF:/Users/andrewshaffer/weo/api/api/services/typeCastDate.js
FN:28,(anonymous_1)
FN:41,matchMongoId
FN:59,(anonymous_3)
FN:62,(anonymous_4)
FN:115,string
FN:128,integer
FN:154,float
FN:174,boolean
FN:206,date
FN:220,array
FNF:10
FNH:10
FNDA:1200,(anonymous_1)
FNDA:19,matchMongoId
FNDA:127,(anonymous_3)
FNDA:630,(anonymous_4)
FNDA:345,string
FNDA:19,integer
FNDA:16,float
FNDA:3,boolean
FNDA:15,date
FNDA:68,array
DA:5,1
DA:7,1
DA:16,1
DA:27,1
DA:28,1
DA:29,1200
DA:41,1
DA:42,19
DA:43,19
DA:46,1
DA:48,1
DA:59,1
DA:60,127
DA:62,127
DA:65,630
DA:66,630
DA:67,60
DA:71,570
DA:74,570
DA:77,345
DA:78,345
DA:81,19
DA:82,19
DA:85,16
DA:86,16
DA:91,15
DA:92,15
DA:95,3
DA:96,3
DA:99,68
DA:100,68
DA:104,127
DA:115,1
DA:116,345
DA:128,1
DA:129,19
DA:134,19
DA:137,19
DA:138,19
DA:140,0
DA:143,19
DA:154,1
DA:155,16
DA:157,16
DA:158,16
DA:160,0
DA:163,16
DA:174,1
DA:175,3
DA:177,3
DA:178,0
DA:179,0
DA:180,0
DA:184,3
DA:185,3
DA:187,0
DA:190,3
DA:191,3
DA:193,3
DA:195,0
DA:206,1
DA:207,15
DA:208,15
DA:209,15
DA:220,1
DA:221,68
DA:222,0
LF:67
LH:59
BRDA:42,1,0,0
BRDA:42,1,1,19
BRDA:43,2,0,0
BRDA:43,2,1,19
BRDA:65,3,0,1
BRDA:65,3,1,629
BRDA:66,4,0,60
BRDA:66,4,1,570
BRDA:66,5,0,630
BRDA:66,5,1,571
BRDA:66,5,2,570
BRDA:74,6,0,345
BRDA:74,6,1,345
BRDA:74,6,2,19
BRDA:74,6,3,16
BRDA:74,6,4,0
BRDA:74,6,5,0
BRDA:74,6,6,15
BRDA:74,6,7,3
BRDA:74,6,8,68
BRDA:116,7,0,345
BRDA:116,7,1,0
BRDA:134,8,0,0
BRDA:134,8,1,19
BRDA:177,9,0,0
BRDA:177,9,1,3
BRDA:178,10,0,0
BRDA:178,10,1,0
BRDA:179,11,0,0
BRDA:179,11,1,0
BRDA:190,12,0,0
BRDA:190,12,1,3
BRDA:191,13,0,0
BRDA:191,13,1,3
BRDA:193,14,0,3
BRDA:193,14,1,0
BRDA:193,15,0,3
BRDA:193,15,1,2
BRDA:208,16,0,0
BRDA:208,16,1,15
BRDA:221,17,0,68
BRDA:221,17,1,0
BRF:42
BRH:26
end_of_record
